INFO - 2024-06-04 05:55:15 --> CSRF token verified.
INFO - 2024-06-04 05:58:59 --> CSRF token verified.
INFO - 2024-06-04 05:59:15 --> CSRF token verified.
INFO - 2024-06-04 05:59:17 --> CSRF token verified.
INFO - 2024-06-04 05:59:18 --> CSRF token verified.
INFO - 2024-06-04 05:59:21 --> CSRF token verified.
INFO - 2024-06-04 05:59:23 --> CSRF token verified.
INFO - 2024-06-04 05:59:24 --> CSRF token verified.
ERROR - 2024-06-04 05:59:30 --> Error connecting to the database: ErrorException: Packets out of order. Expected 0 received 80. Packet size=5526600 in C:\xampp\htdocs\ShippingCalculator\vendor\codeigniter4\framework\system\Database\MySQLi\Connection.php:186
Stack trace:
#0 [internal function]: CodeIgniter\Debug\Exceptions->errorHandler(2, 'Packets out of ...', 'C:\\xampp\\htdocs...', 186)
#1 C:\xampp\htdocs\ShippingCalculator\vendor\codeigniter4\framework\system\Database\MySQLi\Connection.php(186): mysqli->real_connect('az1-ls16.a2host...', 'tsbcentr_Shippi...', Object(SensitiveParameterValue), 'tsbliving', 2083, '', 0)
#2 C:\xampp\htdocs\ShippingCalculator\vendor\codeigniter4\framework\system\Database\BaseConnection.php(421): CodeIgniter\Database\MySQLi\Connection->connect(false)
#3 C:\xampp\htdocs\ShippingCalculator\vendor\codeigniter4\framework\system\Database\BaseConnection.php(604): CodeIgniter\Database\BaseConnection->initialize()
#4 C:\xampp\htdocs\ShippingCalculator\vendor\codeigniter4\framework\system\Database\BaseBuilder.php(1629): CodeIgniter\Database\BaseConnection->query('SELECT `Code`, ...', Array, false)
#5 C:\xampp\htdocs\ShippingCalculator\vendor\codeigniter4\framework\system\Model.php(275): CodeIgniter\Database\BaseBuilder->get()
#6 C:\xampp\htdocs\ShippingCalculator\vendor\codeigniter4\framework\system\BaseModel.php(676): CodeIgniter\Model->doFindAll(5, 0)
#7 C:\xampp\htdocs\ShippingCalculator\app\Controllers\Demo.php(43): CodeIgniter\BaseModel->findAll(5)
#8 C:\xampp\htdocs\ShippingCalculator\vendor\codeigniter4\framework\system\CodeIgniter.php(933): App\Controllers\Demo->ajax()
#9 C:\xampp\htdocs\ShippingCalculator\vendor\codeigniter4\framework\system\CodeIgniter.php(509): CodeIgniter\CodeIgniter->runController(Object(App\Controllers\Demo))
#10 C:\xampp\htdocs\ShippingCalculator\vendor\codeigniter4\framework\system\CodeIgniter.php(355): CodeIgniter\CodeIgniter->handleRequest(NULL, Object(Config\Cache), false)
#11 C:\xampp\htdocs\ShippingCalculator\vendor\codeigniter4\framework\system\Boot.php(312): CodeIgniter\CodeIgniter->run()
#12 C:\xampp\htdocs\ShippingCalculator\vendor\codeigniter4\framework\system\Boot.php(67): CodeIgniter\Boot::runCodeIgniter(Object(CodeIgniter\CodeIgniter))
#13 C:\xampp\htdocs\ShippingCalculator\index.php(56): CodeIgniter\Boot::bootWeb(Object(Config\Paths))
#14 {main}

Next mysqli_sql_exception: MySQL server has gone away in C:\xampp\htdocs\ShippingCalculator\vendor\codeigniter4\framework\system\Database\MySQLi\Connection.php:186
Stack trace:
#0 C:\xampp\htdocs\ShippingCalculator\vendor\codeigniter4\framework\system\Database\MySQLi\Connection.php(186): mysqli->real_connect('az1-ls16.a2host...', 'tsbcentr_Shippi...', Object(SensitiveParameterValue), 'tsbliving', 2083, '', 0)
#1 C:\xampp\htdocs\ShippingCalculator\vendor\codeigniter4\framework\system\Database\BaseConnection.php(421): CodeIgniter\Database\MySQLi\Connection->connect(false)
#2 C:\xampp\htdocs\ShippingCalculator\vendor\codeigniter4\framework\system\Database\BaseConnection.php(604): CodeIgniter\Database\BaseConnection->initialize()
#3 C:\xampp\htdocs\ShippingCalculator\vendor\codeigniter4\framework\system\Database\BaseBuilder.php(1629): CodeIgniter\Database\BaseConnection->query('SELECT `Code`, ...', Array, false)
#4 C:\xampp\htdocs\ShippingCalculator\vendor\codeigniter4\framework\system\Model.php(275): CodeIgniter\Database\BaseBuilder->get()
#5 C:\xampp\htdocs\ShippingCalculator\vendor\codeigniter4\framework\system\BaseModel.php(676): CodeIgniter\Model->doFindAll(5, 0)
#6 C:\xampp\htdocs\ShippingCalculator\app\Controllers\Demo.php(43): CodeIgniter\BaseModel->findAll(5)
#7 C:\xampp\htdocs\ShippingCalculator\vendor\codeigniter4\framework\system\CodeIgniter.php(933): App\Controllers\Demo->ajax()
#8 C:\xampp\htdocs\ShippingCalculator\vendor\codeigniter4\framework\system\CodeIgniter.php(509): CodeIgniter\CodeIgniter->runController(Object(App\Controllers\Demo))
#9 C:\xampp\htdocs\ShippingCalculator\vendor\codeigniter4\framework\system\CodeIgniter.php(355): CodeIgniter\CodeIgniter->handleRequest(NULL, Object(Config\Cache), false)
#10 C:\xampp\htdocs\ShippingCalculator\vendor\codeigniter4\framework\system\Boot.php(312): CodeIgniter\CodeIgniter->run()
#11 C:\xampp\htdocs\ShippingCalculator\vendor\codeigniter4\framework\system\Boot.php(67): CodeIgniter\Boot::runCodeIgniter(Object(CodeIgniter\CodeIgniter))
#12 C:\xampp\htdocs\ShippingCalculator\index.php(56): CodeIgniter\Boot::bootWeb(Object(Config\Paths))
#13 {main}

Next CodeIgniter\Database\Exceptions\DatabaseException: MySQL server has gone away in C:\xampp\htdocs\ShippingCalculator\vendor\codeigniter4\framework\system\Database\MySQLi\Connection.php:231
Stack trace:
#0 C:\xampp\htdocs\ShippingCalculator\vendor\codeigniter4\framework\system\Database\BaseConnection.php(421): CodeIgniter\Database\MySQLi\Connection->connect(false)
#1 C:\xampp\htdocs\ShippingCalculator\vendor\codeigniter4\framework\system\Database\BaseConnection.php(604): CodeIgniter\Database\BaseConnection->initialize()
#2 C:\xampp\htdocs\ShippingCalculator\vendor\codeigniter4\framework\system\Database\BaseBuilder.php(1629): CodeIgniter\Database\BaseConnection->query('SELECT `Code`, ...', Array, false)
#3 C:\xampp\htdocs\ShippingCalculator\vendor\codeigniter4\framework\system\Model.php(275): CodeIgniter\Database\BaseBuilder->get()
#4 C:\xampp\htdocs\ShippingCalculator\vendor\codeigniter4\framework\system\BaseModel.php(676): CodeIgniter\Model->doFindAll(5, 0)
#5 C:\xampp\htdocs\ShippingCalculator\app\Controllers\Demo.php(43): CodeIgniter\BaseModel->findAll(5)
#6 C:\xampp\htdocs\ShippingCalculator\vendor\codeigniter4\framework\system\CodeIgniter.php(933): App\Controllers\Demo->ajax()
#7 C:\xampp\htdocs\ShippingCalculator\vendor\codeigniter4\framework\system\CodeIgniter.php(509): CodeIgniter\CodeIgniter->runController(Object(App\Controllers\Demo))
#8 C:\xampp\htdocs\ShippingCalculator\vendor\codeigniter4\framework\system\CodeIgniter.php(355): CodeIgniter\CodeIgniter->handleRequest(NULL, Object(Config\Cache), false)
#9 C:\xampp\htdocs\ShippingCalculator\vendor\codeigniter4\framework\system\Boot.php(312): CodeIgniter\CodeIgniter->run()
#10 C:\xampp\htdocs\ShippingCalculator\vendor\codeigniter4\framework\system\Boot.php(67): CodeIgniter\Boot::runCodeIgniter(Object(CodeIgniter\CodeIgniter))
#11 C:\xampp\htdocs\ShippingCalculator\index.php(56): CodeIgniter\Boot::bootWeb(Object(Config\Paths))
#12 {main}
CRITICAL - 2024-06-04 05:59:30 --> CodeIgniter\Database\Exceptions\DatabaseException: Unable to connect to the database.
Main connection [MySQLi]: MySQL server has gone away
[Method: POST, Route: demo/ajax]
in SYSTEMPATH\Database\BaseConnection.php on line 457.
 1 SYSTEMPATH\Database\BaseConnection.php(604): CodeIgniter\Database\BaseConnection->initialize()
 2 SYSTEMPATH\Database\BaseBuilder.php(1629): CodeIgniter\Database\BaseConnection->query('SELECT `Code`, `Weight`
FROM `calculator`
WHERE `Code` LIKE :Code: ESCAPE \'!\'
ORDER BY `Code`
 LIMIT 5', [...], false)
 3 SYSTEMPATH\Model.php(275): CodeIgniter\Database\BaseBuilder->get()
 4 SYSTEMPATH\BaseModel.php(676): CodeIgniter\Model->doFindAll(5, 0)
 5 APPPATH\Controllers\Demo.php(43): CodeIgniter\BaseModel->findAll(5)
 6 SYSTEMPATH\CodeIgniter.php(933): App\Controllers\Demo->ajax()
 7 SYSTEMPATH\CodeIgniter.php(509): CodeIgniter\CodeIgniter->runController(Object(App\Controllers\Demo))
 8 SYSTEMPATH\CodeIgniter.php(355): CodeIgniter\CodeIgniter->handleRequest(null, Object(Config\Cache), false)
 9 SYSTEMPATH\Boot.php(312): CodeIgniter\CodeIgniter->run()
10 SYSTEMPATH\Boot.php(67): CodeIgniter\Boot::runCodeIgniter(Object(CodeIgniter\CodeIgniter))
11 FCPATH\index.php(56): CodeIgniter\Boot::bootWeb(Object(Config\Paths))
ERROR - 2024-06-04 05:59:46 --> Error connecting to the database: ErrorException: Packets out of order. Expected 0 received 80. Packet size=5526600 in C:\xampp\htdocs\ShippingCalculator\vendor\codeigniter4\framework\system\Database\MySQLi\Connection.php:186
Stack trace:
#0 [internal function]: CodeIgniter\Debug\Exceptions->errorHandler(2, 'Packets out of ...', 'C:\\xampp\\htdocs...', 186)
#1 C:\xampp\htdocs\ShippingCalculator\vendor\codeigniter4\framework\system\Database\MySQLi\Connection.php(186): mysqli->real_connect('az1-ls16.a2host...', 'tsbcentr_Shippi...', Object(SensitiveParameterValue), 'tsbliving', 2083, '', 0)
#2 C:\xampp\htdocs\ShippingCalculator\vendor\codeigniter4\framework\system\Database\BaseConnection.php(421): CodeIgniter\Database\MySQLi\Connection->connect(false)
#3 C:\xampp\htdocs\ShippingCalculator\vendor\codeigniter4\framework\system\Database\BaseConnection.php(604): CodeIgniter\Database\BaseConnection->initialize()
#4 C:\xampp\htdocs\ShippingCalculator\vendor\codeigniter4\framework\system\Database\BaseBuilder.php(1629): CodeIgniter\Database\BaseConnection->query('SELECT `Code`, ...', Array, false)
#5 C:\xampp\htdocs\ShippingCalculator\vendor\codeigniter4\framework\system\Model.php(275): CodeIgniter\Database\BaseBuilder->get()
#6 C:\xampp\htdocs\ShippingCalculator\vendor\codeigniter4\framework\system\BaseModel.php(676): CodeIgniter\Model->doFindAll(5, 0)
#7 C:\xampp\htdocs\ShippingCalculator\app\Controllers\Demo.php(43): CodeIgniter\BaseModel->findAll(5)
#8 C:\xampp\htdocs\ShippingCalculator\vendor\codeigniter4\framework\system\CodeIgniter.php(933): App\Controllers\Demo->ajax()
#9 C:\xampp\htdocs\ShippingCalculator\vendor\codeigniter4\framework\system\CodeIgniter.php(509): CodeIgniter\CodeIgniter->runController(Object(App\Controllers\Demo))
#10 C:\xampp\htdocs\ShippingCalculator\vendor\codeigniter4\framework\system\CodeIgniter.php(355): CodeIgniter\CodeIgniter->handleRequest(NULL, Object(Config\Cache), false)
#11 C:\xampp\htdocs\ShippingCalculator\vendor\codeigniter4\framework\system\Boot.php(312): CodeIgniter\CodeIgniter->run()
#12 C:\xampp\htdocs\ShippingCalculator\vendor\codeigniter4\framework\system\Boot.php(67): CodeIgniter\Boot::runCodeIgniter(Object(CodeIgniter\CodeIgniter))
#13 C:\xampp\htdocs\ShippingCalculator\index.php(56): CodeIgniter\Boot::bootWeb(Object(Config\Paths))
#14 {main}

Next mysqli_sql_exception: MySQL server has gone away in C:\xampp\htdocs\ShippingCalculator\vendor\codeigniter4\framework\system\Database\MySQLi\Connection.php:186
Stack trace:
#0 C:\xampp\htdocs\ShippingCalculator\vendor\codeigniter4\framework\system\Database\MySQLi\Connection.php(186): mysqli->real_connect('az1-ls16.a2host...', 'tsbcentr_Shippi...', Object(SensitiveParameterValue), 'tsbliving', 2083, '', 0)
#1 C:\xampp\htdocs\ShippingCalculator\vendor\codeigniter4\framework\system\Database\BaseConnection.php(421): CodeIgniter\Database\MySQLi\Connection->connect(false)
#2 C:\xampp\htdocs\ShippingCalculator\vendor\codeigniter4\framework\system\Database\BaseConnection.php(604): CodeIgniter\Database\BaseConnection->initialize()
#3 C:\xampp\htdocs\ShippingCalculator\vendor\codeigniter4\framework\system\Database\BaseBuilder.php(1629): CodeIgniter\Database\BaseConnection->query('SELECT `Code`, ...', Array, false)
#4 C:\xampp\htdocs\ShippingCalculator\vendor\codeigniter4\framework\system\Model.php(275): CodeIgniter\Database\BaseBuilder->get()
#5 C:\xampp\htdocs\ShippingCalculator\vendor\codeigniter4\framework\system\BaseModel.php(676): CodeIgniter\Model->doFindAll(5, 0)
#6 C:\xampp\htdocs\ShippingCalculator\app\Controllers\Demo.php(43): CodeIgniter\BaseModel->findAll(5)
#7 C:\xampp\htdocs\ShippingCalculator\vendor\codeigniter4\framework\system\CodeIgniter.php(933): App\Controllers\Demo->ajax()
#8 C:\xampp\htdocs\ShippingCalculator\vendor\codeigniter4\framework\system\CodeIgniter.php(509): CodeIgniter\CodeIgniter->runController(Object(App\Controllers\Demo))
#9 C:\xampp\htdocs\ShippingCalculator\vendor\codeigniter4\framework\system\CodeIgniter.php(355): CodeIgniter\CodeIgniter->handleRequest(NULL, Object(Config\Cache), false)
#10 C:\xampp\htdocs\ShippingCalculator\vendor\codeigniter4\framework\system\Boot.php(312): CodeIgniter\CodeIgniter->run()
#11 C:\xampp\htdocs\ShippingCalculator\vendor\codeigniter4\framework\system\Boot.php(67): CodeIgniter\Boot::runCodeIgniter(Object(CodeIgniter\CodeIgniter))
#12 C:\xampp\htdocs\ShippingCalculator\index.php(56): CodeIgniter\Boot::bootWeb(Object(Config\Paths))
#13 {main}

Next CodeIgniter\Database\Exceptions\DatabaseException: MySQL server has gone away in C:\xampp\htdocs\ShippingCalculator\vendor\codeigniter4\framework\system\Database\MySQLi\Connection.php:231
Stack trace:
#0 C:\xampp\htdocs\ShippingCalculator\vendor\codeigniter4\framework\system\Database\BaseConnection.php(421): CodeIgniter\Database\MySQLi\Connection->connect(false)
#1 C:\xampp\htdocs\ShippingCalculator\vendor\codeigniter4\framework\system\Database\BaseConnection.php(604): CodeIgniter\Database\BaseConnection->initialize()
#2 C:\xampp\htdocs\ShippingCalculator\vendor\codeigniter4\framework\system\Database\BaseBuilder.php(1629): CodeIgniter\Database\BaseConnection->query('SELECT `Code`, ...', Array, false)
#3 C:\xampp\htdocs\ShippingCalculator\vendor\codeigniter4\framework\system\Model.php(275): CodeIgniter\Database\BaseBuilder->get()
#4 C:\xampp\htdocs\ShippingCalculator\vendor\codeigniter4\framework\system\BaseModel.php(676): CodeIgniter\Model->doFindAll(5, 0)
#5 C:\xampp\htdocs\ShippingCalculator\app\Controllers\Demo.php(43): CodeIgniter\BaseModel->findAll(5)
#6 C:\xampp\htdocs\ShippingCalculator\vendor\codeigniter4\framework\system\CodeIgniter.php(933): App\Controllers\Demo->ajax()
#7 C:\xampp\htdocs\ShippingCalculator\vendor\codeigniter4\framework\system\CodeIgniter.php(509): CodeIgniter\CodeIgniter->runController(Object(App\Controllers\Demo))
#8 C:\xampp\htdocs\ShippingCalculator\vendor\codeigniter4\framework\system\CodeIgniter.php(355): CodeIgniter\CodeIgniter->handleRequest(NULL, Object(Config\Cache), false)
#9 C:\xampp\htdocs\ShippingCalculator\vendor\codeigniter4\framework\system\Boot.php(312): CodeIgniter\CodeIgniter->run()
#10 C:\xampp\htdocs\ShippingCalculator\vendor\codeigniter4\framework\system\Boot.php(67): CodeIgniter\Boot::runCodeIgniter(Object(CodeIgniter\CodeIgniter))
#11 C:\xampp\htdocs\ShippingCalculator\index.php(56): CodeIgniter\Boot::bootWeb(Object(Config\Paths))
#12 {main}
CRITICAL - 2024-06-04 05:59:46 --> CodeIgniter\Database\Exceptions\DatabaseException: Unable to connect to the database.
Main connection [MySQLi]: MySQL server has gone away
[Method: POST, Route: demo/ajax]
in SYSTEMPATH\Database\BaseConnection.php on line 457.
 1 SYSTEMPATH\Database\BaseConnection.php(604): CodeIgniter\Database\BaseConnection->initialize()
 2 SYSTEMPATH\Database\BaseBuilder.php(1629): CodeIgniter\Database\BaseConnection->query('SELECT `Code`, `Weight`
FROM `calculator`
WHERE `Code` LIKE :Code: ESCAPE \'!\'
ORDER BY `Code`
 LIMIT 5', [...], false)
 3 SYSTEMPATH\Model.php(275): CodeIgniter\Database\BaseBuilder->get()
 4 SYSTEMPATH\BaseModel.php(676): CodeIgniter\Model->doFindAll(5, 0)
 5 APPPATH\Controllers\Demo.php(43): CodeIgniter\BaseModel->findAll(5)
 6 SYSTEMPATH\CodeIgniter.php(933): App\Controllers\Demo->ajax()
 7 SYSTEMPATH\CodeIgniter.php(509): CodeIgniter\CodeIgniter->runController(Object(App\Controllers\Demo))
 8 SYSTEMPATH\CodeIgniter.php(355): CodeIgniter\CodeIgniter->handleRequest(null, Object(Config\Cache), false)
 9 SYSTEMPATH\Boot.php(312): CodeIgniter\CodeIgniter->run()
10 SYSTEMPATH\Boot.php(67): CodeIgniter\Boot::runCodeIgniter(Object(CodeIgniter\CodeIgniter))
11 FCPATH\index.php(56): CodeIgniter\Boot::bootWeb(Object(Config\Paths))
ERROR - 2024-06-04 05:59:47 --> Error connecting to the database: ErrorException: Packets out of order. Expected 0 received 80. Packet size=5526600 in C:\xampp\htdocs\ShippingCalculator\vendor\codeigniter4\framework\system\Database\MySQLi\Connection.php:186
Stack trace:
#0 [internal function]: CodeIgniter\Debug\Exceptions->errorHandler(2, 'Packets out of ...', 'C:\\xampp\\htdocs...', 186)
#1 C:\xampp\htdocs\ShippingCalculator\vendor\codeigniter4\framework\system\Database\MySQLi\Connection.php(186): mysqli->real_connect('az1-ls16.a2host...', 'tsbcentr_Shippi...', Object(SensitiveParameterValue), 'tsbliving', 2083, '', 0)
#2 C:\xampp\htdocs\ShippingCalculator\vendor\codeigniter4\framework\system\Database\BaseConnection.php(421): CodeIgniter\Database\MySQLi\Connection->connect(false)
#3 C:\xampp\htdocs\ShippingCalculator\vendor\codeigniter4\framework\system\Database\BaseConnection.php(604): CodeIgniter\Database\BaseConnection->initialize()
#4 C:\xampp\htdocs\ShippingCalculator\vendor\codeigniter4\framework\system\Database\BaseBuilder.php(1629): CodeIgniter\Database\BaseConnection->query('SELECT `Code`, ...', Array, false)
#5 C:\xampp\htdocs\ShippingCalculator\vendor\codeigniter4\framework\system\Model.php(275): CodeIgniter\Database\BaseBuilder->get()
#6 C:\xampp\htdocs\ShippingCalculator\vendor\codeigniter4\framework\system\BaseModel.php(676): CodeIgniter\Model->doFindAll(5, 0)
#7 C:\xampp\htdocs\ShippingCalculator\app\Controllers\Demo.php(43): CodeIgniter\BaseModel->findAll(5)
#8 C:\xampp\htdocs\ShippingCalculator\vendor\codeigniter4\framework\system\CodeIgniter.php(933): App\Controllers\Demo->ajax()
#9 C:\xampp\htdocs\ShippingCalculator\vendor\codeigniter4\framework\system\CodeIgniter.php(509): CodeIgniter\CodeIgniter->runController(Object(App\Controllers\Demo))
#10 C:\xampp\htdocs\ShippingCalculator\vendor\codeigniter4\framework\system\CodeIgniter.php(355): CodeIgniter\CodeIgniter->handleRequest(NULL, Object(Config\Cache), false)
#11 C:\xampp\htdocs\ShippingCalculator\vendor\codeigniter4\framework\system\Boot.php(312): CodeIgniter\CodeIgniter->run()
#12 C:\xampp\htdocs\ShippingCalculator\vendor\codeigniter4\framework\system\Boot.php(67): CodeIgniter\Boot::runCodeIgniter(Object(CodeIgniter\CodeIgniter))
#13 C:\xampp\htdocs\ShippingCalculator\index.php(56): CodeIgniter\Boot::bootWeb(Object(Config\Paths))
#14 {main}

Next mysqli_sql_exception: MySQL server has gone away in C:\xampp\htdocs\ShippingCalculator\vendor\codeigniter4\framework\system\Database\MySQLi\Connection.php:186
Stack trace:
#0 C:\xampp\htdocs\ShippingCalculator\vendor\codeigniter4\framework\system\Database\MySQLi\Connection.php(186): mysqli->real_connect('az1-ls16.a2host...', 'tsbcentr_Shippi...', Object(SensitiveParameterValue), 'tsbliving', 2083, '', 0)
#1 C:\xampp\htdocs\ShippingCalculator\vendor\codeigniter4\framework\system\Database\BaseConnection.php(421): CodeIgniter\Database\MySQLi\Connection->connect(false)
#2 C:\xampp\htdocs\ShippingCalculator\vendor\codeigniter4\framework\system\Database\BaseConnection.php(604): CodeIgniter\Database\BaseConnection->initialize()
#3 C:\xampp\htdocs\ShippingCalculator\vendor\codeigniter4\framework\system\Database\BaseBuilder.php(1629): CodeIgniter\Database\BaseConnection->query('SELECT `Code`, ...', Array, false)
#4 C:\xampp\htdocs\ShippingCalculator\vendor\codeigniter4\framework\system\Model.php(275): CodeIgniter\Database\BaseBuilder->get()
#5 C:\xampp\htdocs\ShippingCalculator\vendor\codeigniter4\framework\system\BaseModel.php(676): CodeIgniter\Model->doFindAll(5, 0)
#6 C:\xampp\htdocs\ShippingCalculator\app\Controllers\Demo.php(43): CodeIgniter\BaseModel->findAll(5)
#7 C:\xampp\htdocs\ShippingCalculator\vendor\codeigniter4\framework\system\CodeIgniter.php(933): App\Controllers\Demo->ajax()
#8 C:\xampp\htdocs\ShippingCalculator\vendor\codeigniter4\framework\system\CodeIgniter.php(509): CodeIgniter\CodeIgniter->runController(Object(App\Controllers\Demo))
#9 C:\xampp\htdocs\ShippingCalculator\vendor\codeigniter4\framework\system\CodeIgniter.php(355): CodeIgniter\CodeIgniter->handleRequest(NULL, Object(Config\Cache), false)
#10 C:\xampp\htdocs\ShippingCalculator\vendor\codeigniter4\framework\system\Boot.php(312): CodeIgniter\CodeIgniter->run()
#11 C:\xampp\htdocs\ShippingCalculator\vendor\codeigniter4\framework\system\Boot.php(67): CodeIgniter\Boot::runCodeIgniter(Object(CodeIgniter\CodeIgniter))
#12 C:\xampp\htdocs\ShippingCalculator\index.php(56): CodeIgniter\Boot::bootWeb(Object(Config\Paths))
#13 {main}

Next CodeIgniter\Database\Exceptions\DatabaseException: MySQL server has gone away in C:\xampp\htdocs\ShippingCalculator\vendor\codeigniter4\framework\system\Database\MySQLi\Connection.php:231
Stack trace:
#0 C:\xampp\htdocs\ShippingCalculator\vendor\codeigniter4\framework\system\Database\BaseConnection.php(421): CodeIgniter\Database\MySQLi\Connection->connect(false)
#1 C:\xampp\htdocs\ShippingCalculator\vendor\codeigniter4\framework\system\Database\BaseConnection.php(604): CodeIgniter\Database\BaseConnection->initialize()
#2 C:\xampp\htdocs\ShippingCalculator\vendor\codeigniter4\framework\system\Database\BaseBuilder.php(1629): CodeIgniter\Database\BaseConnection->query('SELECT `Code`, ...', Array, false)
#3 C:\xampp\htdocs\ShippingCalculator\vendor\codeigniter4\framework\system\Model.php(275): CodeIgniter\Database\BaseBuilder->get()
#4 C:\xampp\htdocs\ShippingCalculator\vendor\codeigniter4\framework\system\BaseModel.php(676): CodeIgniter\Model->doFindAll(5, 0)
#5 C:\xampp\htdocs\ShippingCalculator\app\Controllers\Demo.php(43): CodeIgniter\BaseModel->findAll(5)
#6 C:\xampp\htdocs\ShippingCalculator\vendor\codeigniter4\framework\system\CodeIgniter.php(933): App\Controllers\Demo->ajax()
#7 C:\xampp\htdocs\ShippingCalculator\vendor\codeigniter4\framework\system\CodeIgniter.php(509): CodeIgniter\CodeIgniter->runController(Object(App\Controllers\Demo))
#8 C:\xampp\htdocs\ShippingCalculator\vendor\codeigniter4\framework\system\CodeIgniter.php(355): CodeIgniter\CodeIgniter->handleRequest(NULL, Object(Config\Cache), false)
#9 C:\xampp\htdocs\ShippingCalculator\vendor\codeigniter4\framework\system\Boot.php(312): CodeIgniter\CodeIgniter->run()
#10 C:\xampp\htdocs\ShippingCalculator\vendor\codeigniter4\framework\system\Boot.php(67): CodeIgniter\Boot::runCodeIgniter(Object(CodeIgniter\CodeIgniter))
#11 C:\xampp\htdocs\ShippingCalculator\index.php(56): CodeIgniter\Boot::bootWeb(Object(Config\Paths))
#12 {main}
CRITICAL - 2024-06-04 05:59:47 --> CodeIgniter\Database\Exceptions\DatabaseException: Unable to connect to the database.
Main connection [MySQLi]: MySQL server has gone away
[Method: POST, Route: demo/ajax]
in SYSTEMPATH\Database\BaseConnection.php on line 457.
 1 SYSTEMPATH\Database\BaseConnection.php(604): CodeIgniter\Database\BaseConnection->initialize()
 2 SYSTEMPATH\Database\BaseBuilder.php(1629): CodeIgniter\Database\BaseConnection->query('SELECT `Code`, `Weight`
FROM `calculator`
WHERE `Code` LIKE :Code: ESCAPE \'!\'
ORDER BY `Code`
 LIMIT 5', [...], false)
 3 SYSTEMPATH\Model.php(275): CodeIgniter\Database\BaseBuilder->get()
 4 SYSTEMPATH\BaseModel.php(676): CodeIgniter\Model->doFindAll(5, 0)
 5 APPPATH\Controllers\Demo.php(43): CodeIgniter\BaseModel->findAll(5)
 6 SYSTEMPATH\CodeIgniter.php(933): App\Controllers\Demo->ajax()
 7 SYSTEMPATH\CodeIgniter.php(509): CodeIgniter\CodeIgniter->runController(Object(App\Controllers\Demo))
 8 SYSTEMPATH\CodeIgniter.php(355): CodeIgniter\CodeIgniter->handleRequest(null, Object(Config\Cache), false)
 9 SYSTEMPATH\Boot.php(312): CodeIgniter\CodeIgniter->run()
10 SYSTEMPATH\Boot.php(67): CodeIgniter\Boot::runCodeIgniter(Object(CodeIgniter\CodeIgniter))
11 FCPATH\index.php(56): CodeIgniter\Boot::bootWeb(Object(Config\Paths))
ERROR - 2024-06-04 05:59:48 --> Error connecting to the database: ErrorException: Packets out of order. Expected 0 received 80. Packet size=5526600 in C:\xampp\htdocs\ShippingCalculator\vendor\codeigniter4\framework\system\Database\MySQLi\Connection.php:186
Stack trace:
#0 [internal function]: CodeIgniter\Debug\Exceptions->errorHandler(2, 'Packets out of ...', 'C:\\xampp\\htdocs...', 186)
#1 C:\xampp\htdocs\ShippingCalculator\vendor\codeigniter4\framework\system\Database\MySQLi\Connection.php(186): mysqli->real_connect('az1-ls16.a2host...', 'tsbcentr_Shippi...', Object(SensitiveParameterValue), 'tsbliving', 2083, '', 0)
#2 C:\xampp\htdocs\ShippingCalculator\vendor\codeigniter4\framework\system\Database\BaseConnection.php(421): CodeIgniter\Database\MySQLi\Connection->connect(false)
#3 C:\xampp\htdocs\ShippingCalculator\vendor\codeigniter4\framework\system\Database\BaseConnection.php(604): CodeIgniter\Database\BaseConnection->initialize()
#4 C:\xampp\htdocs\ShippingCalculator\vendor\codeigniter4\framework\system\Database\BaseBuilder.php(1629): CodeIgniter\Database\BaseConnection->query('SELECT `Code`, ...', Array, false)
#5 C:\xampp\htdocs\ShippingCalculator\vendor\codeigniter4\framework\system\Model.php(275): CodeIgniter\Database\BaseBuilder->get()
#6 C:\xampp\htdocs\ShippingCalculator\vendor\codeigniter4\framework\system\BaseModel.php(676): CodeIgniter\Model->doFindAll(5, 0)
#7 C:\xampp\htdocs\ShippingCalculator\app\Controllers\Demo.php(43): CodeIgniter\BaseModel->findAll(5)
#8 C:\xampp\htdocs\ShippingCalculator\vendor\codeigniter4\framework\system\CodeIgniter.php(933): App\Controllers\Demo->ajax()
#9 C:\xampp\htdocs\ShippingCalculator\vendor\codeigniter4\framework\system\CodeIgniter.php(509): CodeIgniter\CodeIgniter->runController(Object(App\Controllers\Demo))
#10 C:\xampp\htdocs\ShippingCalculator\vendor\codeigniter4\framework\system\CodeIgniter.php(355): CodeIgniter\CodeIgniter->handleRequest(NULL, Object(Config\Cache), false)
#11 C:\xampp\htdocs\ShippingCalculator\vendor\codeigniter4\framework\system\Boot.php(312): CodeIgniter\CodeIgniter->run()
#12 C:\xampp\htdocs\ShippingCalculator\vendor\codeigniter4\framework\system\Boot.php(67): CodeIgniter\Boot::runCodeIgniter(Object(CodeIgniter\CodeIgniter))
#13 C:\xampp\htdocs\ShippingCalculator\index.php(56): CodeIgniter\Boot::bootWeb(Object(Config\Paths))
#14 {main}

Next mysqli_sql_exception: MySQL server has gone away in C:\xampp\htdocs\ShippingCalculator\vendor\codeigniter4\framework\system\Database\MySQLi\Connection.php:186
Stack trace:
#0 C:\xampp\htdocs\ShippingCalculator\vendor\codeigniter4\framework\system\Database\MySQLi\Connection.php(186): mysqli->real_connect('az1-ls16.a2host...', 'tsbcentr_Shippi...', Object(SensitiveParameterValue), 'tsbliving', 2083, '', 0)
#1 C:\xampp\htdocs\ShippingCalculator\vendor\codeigniter4\framework\system\Database\BaseConnection.php(421): CodeIgniter\Database\MySQLi\Connection->connect(false)
#2 C:\xampp\htdocs\ShippingCalculator\vendor\codeigniter4\framework\system\Database\BaseConnection.php(604): CodeIgniter\Database\BaseConnection->initialize()
#3 C:\xampp\htdocs\ShippingCalculator\vendor\codeigniter4\framework\system\Database\BaseBuilder.php(1629): CodeIgniter\Database\BaseConnection->query('SELECT `Code`, ...', Array, false)
#4 C:\xampp\htdocs\ShippingCalculator\vendor\codeigniter4\framework\system\Model.php(275): CodeIgniter\Database\BaseBuilder->get()
#5 C:\xampp\htdocs\ShippingCalculator\vendor\codeigniter4\framework\system\BaseModel.php(676): CodeIgniter\Model->doFindAll(5, 0)
#6 C:\xampp\htdocs\ShippingCalculator\app\Controllers\Demo.php(43): CodeIgniter\BaseModel->findAll(5)
#7 C:\xampp\htdocs\ShippingCalculator\vendor\codeigniter4\framework\system\CodeIgniter.php(933): App\Controllers\Demo->ajax()
#8 C:\xampp\htdocs\ShippingCalculator\vendor\codeigniter4\framework\system\CodeIgniter.php(509): CodeIgniter\CodeIgniter->runController(Object(App\Controllers\Demo))
#9 C:\xampp\htdocs\ShippingCalculator\vendor\codeigniter4\framework\system\CodeIgniter.php(355): CodeIgniter\CodeIgniter->handleRequest(NULL, Object(Config\Cache), false)
#10 C:\xampp\htdocs\ShippingCalculator\vendor\codeigniter4\framework\system\Boot.php(312): CodeIgniter\CodeIgniter->run()
#11 C:\xampp\htdocs\ShippingCalculator\vendor\codeigniter4\framework\system\Boot.php(67): CodeIgniter\Boot::runCodeIgniter(Object(CodeIgniter\CodeIgniter))
#12 C:\xampp\htdocs\ShippingCalculator\index.php(56): CodeIgniter\Boot::bootWeb(Object(Config\Paths))
#13 {main}

Next CodeIgniter\Database\Exceptions\DatabaseException: MySQL server has gone away in C:\xampp\htdocs\ShippingCalculator\vendor\codeigniter4\framework\system\Database\MySQLi\Connection.php:231
Stack trace:
#0 C:\xampp\htdocs\ShippingCalculator\vendor\codeigniter4\framework\system\Database\BaseConnection.php(421): CodeIgniter\Database\MySQLi\Connection->connect(false)
#1 C:\xampp\htdocs\ShippingCalculator\vendor\codeigniter4\framework\system\Database\BaseConnection.php(604): CodeIgniter\Database\BaseConnection->initialize()
#2 C:\xampp\htdocs\ShippingCalculator\vendor\codeigniter4\framework\system\Database\BaseBuilder.php(1629): CodeIgniter\Database\BaseConnection->query('SELECT `Code`, ...', Array, false)
#3 C:\xampp\htdocs\ShippingCalculator\vendor\codeigniter4\framework\system\Model.php(275): CodeIgniter\Database\BaseBuilder->get()
#4 C:\xampp\htdocs\ShippingCalculator\vendor\codeigniter4\framework\system\BaseModel.php(676): CodeIgniter\Model->doFindAll(5, 0)
#5 C:\xampp\htdocs\ShippingCalculator\app\Controllers\Demo.php(43): CodeIgniter\BaseModel->findAll(5)
#6 C:\xampp\htdocs\ShippingCalculator\vendor\codeigniter4\framework\system\CodeIgniter.php(933): App\Controllers\Demo->ajax()
#7 C:\xampp\htdocs\ShippingCalculator\vendor\codeigniter4\framework\system\CodeIgniter.php(509): CodeIgniter\CodeIgniter->runController(Object(App\Controllers\Demo))
#8 C:\xampp\htdocs\ShippingCalculator\vendor\codeigniter4\framework\system\CodeIgniter.php(355): CodeIgniter\CodeIgniter->handleRequest(NULL, Object(Config\Cache), false)
#9 C:\xampp\htdocs\ShippingCalculator\vendor\codeigniter4\framework\system\Boot.php(312): CodeIgniter\CodeIgniter->run()
#10 C:\xampp\htdocs\ShippingCalculator\vendor\codeigniter4\framework\system\Boot.php(67): CodeIgniter\Boot::runCodeIgniter(Object(CodeIgniter\CodeIgniter))
#11 C:\xampp\htdocs\ShippingCalculator\index.php(56): CodeIgniter\Boot::bootWeb(Object(Config\Paths))
#12 {main}
CRITICAL - 2024-06-04 05:59:48 --> CodeIgniter\Database\Exceptions\DatabaseException: Unable to connect to the database.
Main connection [MySQLi]: MySQL server has gone away
[Method: POST, Route: demo/ajax]
in SYSTEMPATH\Database\BaseConnection.php on line 457.
 1 SYSTEMPATH\Database\BaseConnection.php(604): CodeIgniter\Database\BaseConnection->initialize()
 2 SYSTEMPATH\Database\BaseBuilder.php(1629): CodeIgniter\Database\BaseConnection->query('SELECT `Code`, `Weight`
FROM `calculator`
WHERE `Code` LIKE :Code: ESCAPE \'!\'
ORDER BY `Code`
 LIMIT 5', [...], false)
 3 SYSTEMPATH\Model.php(275): CodeIgniter\Database\BaseBuilder->get()
 4 SYSTEMPATH\BaseModel.php(676): CodeIgniter\Model->doFindAll(5, 0)
 5 APPPATH\Controllers\Demo.php(43): CodeIgniter\BaseModel->findAll(5)
 6 SYSTEMPATH\CodeIgniter.php(933): App\Controllers\Demo->ajax()
 7 SYSTEMPATH\CodeIgniter.php(509): CodeIgniter\CodeIgniter->runController(Object(App\Controllers\Demo))
 8 SYSTEMPATH\CodeIgniter.php(355): CodeIgniter\CodeIgniter->handleRequest(null, Object(Config\Cache), false)
 9 SYSTEMPATH\Boot.php(312): CodeIgniter\CodeIgniter->run()
10 SYSTEMPATH\Boot.php(67): CodeIgniter\Boot::runCodeIgniter(Object(CodeIgniter\CodeIgniter))
11 FCPATH\index.php(56): CodeIgniter\Boot::bootWeb(Object(Config\Paths))
ERROR - 2024-06-04 05:59:52 --> Error connecting to the database: ErrorException: Packets out of order. Expected 0 received 80. Packet size=5526600 in C:\xampp\htdocs\ShippingCalculator\vendor\codeigniter4\framework\system\Database\MySQLi\Connection.php:186
Stack trace:
#0 [internal function]: CodeIgniter\Debug\Exceptions->errorHandler(2, 'Packets out of ...', 'C:\\xampp\\htdocs...', 186)
#1 C:\xampp\htdocs\ShippingCalculator\vendor\codeigniter4\framework\system\Database\MySQLi\Connection.php(186): mysqli->real_connect('az1-ls16.a2host...', 'tsbcentr_Shippi...', Object(SensitiveParameterValue), 'tsbliving', 2083, '', 0)
#2 C:\xampp\htdocs\ShippingCalculator\vendor\codeigniter4\framework\system\Database\BaseConnection.php(421): CodeIgniter\Database\MySQLi\Connection->connect(false)
#3 C:\xampp\htdocs\ShippingCalculator\vendor\codeigniter4\framework\system\Database\BaseConnection.php(604): CodeIgniter\Database\BaseConnection->initialize()
#4 C:\xampp\htdocs\ShippingCalculator\vendor\codeigniter4\framework\system\Database\BaseBuilder.php(1629): CodeIgniter\Database\BaseConnection->query('SELECT `Code`, ...', Array, false)
#5 C:\xampp\htdocs\ShippingCalculator\vendor\codeigniter4\framework\system\Model.php(275): CodeIgniter\Database\BaseBuilder->get()
#6 C:\xampp\htdocs\ShippingCalculator\vendor\codeigniter4\framework\system\BaseModel.php(676): CodeIgniter\Model->doFindAll(5, 0)
#7 C:\xampp\htdocs\ShippingCalculator\app\Controllers\Demo.php(43): CodeIgniter\BaseModel->findAll(5)
#8 C:\xampp\htdocs\ShippingCalculator\vendor\codeigniter4\framework\system\CodeIgniter.php(933): App\Controllers\Demo->ajax()
#9 C:\xampp\htdocs\ShippingCalculator\vendor\codeigniter4\framework\system\CodeIgniter.php(509): CodeIgniter\CodeIgniter->runController(Object(App\Controllers\Demo))
#10 C:\xampp\htdocs\ShippingCalculator\vendor\codeigniter4\framework\system\CodeIgniter.php(355): CodeIgniter\CodeIgniter->handleRequest(NULL, Object(Config\Cache), false)
#11 C:\xampp\htdocs\ShippingCalculator\vendor\codeigniter4\framework\system\Boot.php(312): CodeIgniter\CodeIgniter->run()
#12 C:\xampp\htdocs\ShippingCalculator\vendor\codeigniter4\framework\system\Boot.php(67): CodeIgniter\Boot::runCodeIgniter(Object(CodeIgniter\CodeIgniter))
#13 C:\xampp\htdocs\ShippingCalculator\index.php(56): CodeIgniter\Boot::bootWeb(Object(Config\Paths))
#14 {main}

Next mysqli_sql_exception: MySQL server has gone away in C:\xampp\htdocs\ShippingCalculator\vendor\codeigniter4\framework\system\Database\MySQLi\Connection.php:186
Stack trace:
#0 C:\xampp\htdocs\ShippingCalculator\vendor\codeigniter4\framework\system\Database\MySQLi\Connection.php(186): mysqli->real_connect('az1-ls16.a2host...', 'tsbcentr_Shippi...', Object(SensitiveParameterValue), 'tsbliving', 2083, '', 0)
#1 C:\xampp\htdocs\ShippingCalculator\vendor\codeigniter4\framework\system\Database\BaseConnection.php(421): CodeIgniter\Database\MySQLi\Connection->connect(false)
#2 C:\xampp\htdocs\ShippingCalculator\vendor\codeigniter4\framework\system\Database\BaseConnection.php(604): CodeIgniter\Database\BaseConnection->initialize()
#3 C:\xampp\htdocs\ShippingCalculator\vendor\codeigniter4\framework\system\Database\BaseBuilder.php(1629): CodeIgniter\Database\BaseConnection->query('SELECT `Code`, ...', Array, false)
#4 C:\xampp\htdocs\ShippingCalculator\vendor\codeigniter4\framework\system\Model.php(275): CodeIgniter\Database\BaseBuilder->get()
#5 C:\xampp\htdocs\ShippingCalculator\vendor\codeigniter4\framework\system\BaseModel.php(676): CodeIgniter\Model->doFindAll(5, 0)
#6 C:\xampp\htdocs\ShippingCalculator\app\Controllers\Demo.php(43): CodeIgniter\BaseModel->findAll(5)
#7 C:\xampp\htdocs\ShippingCalculator\vendor\codeigniter4\framework\system\CodeIgniter.php(933): App\Controllers\Demo->ajax()
#8 C:\xampp\htdocs\ShippingCalculator\vendor\codeigniter4\framework\system\CodeIgniter.php(509): CodeIgniter\CodeIgniter->runController(Object(App\Controllers\Demo))
#9 C:\xampp\htdocs\ShippingCalculator\vendor\codeigniter4\framework\system\CodeIgniter.php(355): CodeIgniter\CodeIgniter->handleRequest(NULL, Object(Config\Cache), false)
#10 C:\xampp\htdocs\ShippingCalculator\vendor\codeigniter4\framework\system\Boot.php(312): CodeIgniter\CodeIgniter->run()
#11 C:\xampp\htdocs\ShippingCalculator\vendor\codeigniter4\framework\system\Boot.php(67): CodeIgniter\Boot::runCodeIgniter(Object(CodeIgniter\CodeIgniter))
#12 C:\xampp\htdocs\ShippingCalculator\index.php(56): CodeIgniter\Boot::bootWeb(Object(Config\Paths))
#13 {main}

Next CodeIgniter\Database\Exceptions\DatabaseException: MySQL server has gone away in C:\xampp\htdocs\ShippingCalculator\vendor\codeigniter4\framework\system\Database\MySQLi\Connection.php:231
Stack trace:
#0 C:\xampp\htdocs\ShippingCalculator\vendor\codeigniter4\framework\system\Database\BaseConnection.php(421): CodeIgniter\Database\MySQLi\Connection->connect(false)
#1 C:\xampp\htdocs\ShippingCalculator\vendor\codeigniter4\framework\system\Database\BaseConnection.php(604): CodeIgniter\Database\BaseConnection->initialize()
#2 C:\xampp\htdocs\ShippingCalculator\vendor\codeigniter4\framework\system\Database\BaseBuilder.php(1629): CodeIgniter\Database\BaseConnection->query('SELECT `Code`, ...', Array, false)
#3 C:\xampp\htdocs\ShippingCalculator\vendor\codeigniter4\framework\system\Model.php(275): CodeIgniter\Database\BaseBuilder->get()
#4 C:\xampp\htdocs\ShippingCalculator\vendor\codeigniter4\framework\system\BaseModel.php(676): CodeIgniter\Model->doFindAll(5, 0)
#5 C:\xampp\htdocs\ShippingCalculator\app\Controllers\Demo.php(43): CodeIgniter\BaseModel->findAll(5)
#6 C:\xampp\htdocs\ShippingCalculator\vendor\codeigniter4\framework\system\CodeIgniter.php(933): App\Controllers\Demo->ajax()
#7 C:\xampp\htdocs\ShippingCalculator\vendor\codeigniter4\framework\system\CodeIgniter.php(509): CodeIgniter\CodeIgniter->runController(Object(App\Controllers\Demo))
#8 C:\xampp\htdocs\ShippingCalculator\vendor\codeigniter4\framework\system\CodeIgniter.php(355): CodeIgniter\CodeIgniter->handleRequest(NULL, Object(Config\Cache), false)
#9 C:\xampp\htdocs\ShippingCalculator\vendor\codeigniter4\framework\system\Boot.php(312): CodeIgniter\CodeIgniter->run()
#10 C:\xampp\htdocs\ShippingCalculator\vendor\codeigniter4\framework\system\Boot.php(67): CodeIgniter\Boot::runCodeIgniter(Object(CodeIgniter\CodeIgniter))
#11 C:\xampp\htdocs\ShippingCalculator\index.php(56): CodeIgniter\Boot::bootWeb(Object(Config\Paths))
#12 {main}
CRITICAL - 2024-06-04 05:59:52 --> CodeIgniter\Database\Exceptions\DatabaseException: Unable to connect to the database.
Main connection [MySQLi]: MySQL server has gone away
[Method: POST, Route: demo/ajax]
in SYSTEMPATH\Database\BaseConnection.php on line 457.
 1 SYSTEMPATH\Database\BaseConnection.php(604): CodeIgniter\Database\BaseConnection->initialize()
 2 SYSTEMPATH\Database\BaseBuilder.php(1629): CodeIgniter\Database\BaseConnection->query('SELECT `Code`, `Weight`
FROM `calculator`
WHERE `Code` LIKE :Code: ESCAPE \'!\'
ORDER BY `Code`
 LIMIT 5', [...], false)
 3 SYSTEMPATH\Model.php(275): CodeIgniter\Database\BaseBuilder->get()
 4 SYSTEMPATH\BaseModel.php(676): CodeIgniter\Model->doFindAll(5, 0)
 5 APPPATH\Controllers\Demo.php(43): CodeIgniter\BaseModel->findAll(5)
 6 SYSTEMPATH\CodeIgniter.php(933): App\Controllers\Demo->ajax()
 7 SYSTEMPATH\CodeIgniter.php(509): CodeIgniter\CodeIgniter->runController(Object(App\Controllers\Demo))
 8 SYSTEMPATH\CodeIgniter.php(355): CodeIgniter\CodeIgniter->handleRequest(null, Object(Config\Cache), false)
 9 SYSTEMPATH\Boot.php(312): CodeIgniter\CodeIgniter->run()
10 SYSTEMPATH\Boot.php(67): CodeIgniter\Boot::runCodeIgniter(Object(CodeIgniter\CodeIgniter))
11 FCPATH\index.php(56): CodeIgniter\Boot::bootWeb(Object(Config\Paths))
INFO - 2024-06-04 05:59:53 --> CSRF token verified.
ERROR - 2024-06-04 05:59:54 --> Error connecting to the database: ErrorException: Packets out of order. Expected 0 received 80. Packet size=5526600 in C:\xampp\htdocs\ShippingCalculator\vendor\codeigniter4\framework\system\Database\MySQLi\Connection.php:186
Stack trace:
#0 [internal function]: CodeIgniter\Debug\Exceptions->errorHandler(2, 'Packets out of ...', 'C:\\xampp\\htdocs...', 186)
#1 C:\xampp\htdocs\ShippingCalculator\vendor\codeigniter4\framework\system\Database\MySQLi\Connection.php(186): mysqli->real_connect('az1-ls16.a2host...', 'tsbcentr_Shippi...', Object(SensitiveParameterValue), 'tsbliving', 2083, '', 0)
#2 C:\xampp\htdocs\ShippingCalculator\vendor\codeigniter4\framework\system\Database\BaseConnection.php(421): CodeIgniter\Database\MySQLi\Connection->connect(false)
#3 C:\xampp\htdocs\ShippingCalculator\vendor\codeigniter4\framework\system\Database\BaseConnection.php(604): CodeIgniter\Database\BaseConnection->initialize()
#4 C:\xampp\htdocs\ShippingCalculator\vendor\codeigniter4\framework\system\Database\BaseBuilder.php(1629): CodeIgniter\Database\BaseConnection->query('SELECT `Code`, ...', Array, false)
#5 C:\xampp\htdocs\ShippingCalculator\vendor\codeigniter4\framework\system\Model.php(275): CodeIgniter\Database\BaseBuilder->get()
#6 C:\xampp\htdocs\ShippingCalculator\vendor\codeigniter4\framework\system\BaseModel.php(676): CodeIgniter\Model->doFindAll(5, 0)
#7 C:\xampp\htdocs\ShippingCalculator\app\Controllers\Demo.php(43): CodeIgniter\BaseModel->findAll(5)
#8 C:\xampp\htdocs\ShippingCalculator\vendor\codeigniter4\framework\system\CodeIgniter.php(933): App\Controllers\Demo->ajax()
#9 C:\xampp\htdocs\ShippingCalculator\vendor\codeigniter4\framework\system\CodeIgniter.php(509): CodeIgniter\CodeIgniter->runController(Object(App\Controllers\Demo))
#10 C:\xampp\htdocs\ShippingCalculator\vendor\codeigniter4\framework\system\CodeIgniter.php(355): CodeIgniter\CodeIgniter->handleRequest(NULL, Object(Config\Cache), false)
#11 C:\xampp\htdocs\ShippingCalculator\vendor\codeigniter4\framework\system\Boot.php(312): CodeIgniter\CodeIgniter->run()
#12 C:\xampp\htdocs\ShippingCalculator\vendor\codeigniter4\framework\system\Boot.php(67): CodeIgniter\Boot::runCodeIgniter(Object(CodeIgniter\CodeIgniter))
#13 C:\xampp\htdocs\ShippingCalculator\index.php(56): CodeIgniter\Boot::bootWeb(Object(Config\Paths))
#14 {main}

Next mysqli_sql_exception: MySQL server has gone away in C:\xampp\htdocs\ShippingCalculator\vendor\codeigniter4\framework\system\Database\MySQLi\Connection.php:186
Stack trace:
#0 C:\xampp\htdocs\ShippingCalculator\vendor\codeigniter4\framework\system\Database\MySQLi\Connection.php(186): mysqli->real_connect('az1-ls16.a2host...', 'tsbcentr_Shippi...', Object(SensitiveParameterValue), 'tsbliving', 2083, '', 0)
#1 C:\xampp\htdocs\ShippingCalculator\vendor\codeigniter4\framework\system\Database\BaseConnection.php(421): CodeIgniter\Database\MySQLi\Connection->connect(false)
#2 C:\xampp\htdocs\ShippingCalculator\vendor\codeigniter4\framework\system\Database\BaseConnection.php(604): CodeIgniter\Database\BaseConnection->initialize()
#3 C:\xampp\htdocs\ShippingCalculator\vendor\codeigniter4\framework\system\Database\BaseBuilder.php(1629): CodeIgniter\Database\BaseConnection->query('SELECT `Code`, ...', Array, false)
#4 C:\xampp\htdocs\ShippingCalculator\vendor\codeigniter4\framework\system\Model.php(275): CodeIgniter\Database\BaseBuilder->get()
#5 C:\xampp\htdocs\ShippingCalculator\vendor\codeigniter4\framework\system\BaseModel.php(676): CodeIgniter\Model->doFindAll(5, 0)
#6 C:\xampp\htdocs\ShippingCalculator\app\Controllers\Demo.php(43): CodeIgniter\BaseModel->findAll(5)
#7 C:\xampp\htdocs\ShippingCalculator\vendor\codeigniter4\framework\system\CodeIgniter.php(933): App\Controllers\Demo->ajax()
#8 C:\xampp\htdocs\ShippingCalculator\vendor\codeigniter4\framework\system\CodeIgniter.php(509): CodeIgniter\CodeIgniter->runController(Object(App\Controllers\Demo))
#9 C:\xampp\htdocs\ShippingCalculator\vendor\codeigniter4\framework\system\CodeIgniter.php(355): CodeIgniter\CodeIgniter->handleRequest(NULL, Object(Config\Cache), false)
#10 C:\xampp\htdocs\ShippingCalculator\vendor\codeigniter4\framework\system\Boot.php(312): CodeIgniter\CodeIgniter->run()
#11 C:\xampp\htdocs\ShippingCalculator\vendor\codeigniter4\framework\system\Boot.php(67): CodeIgniter\Boot::runCodeIgniter(Object(CodeIgniter\CodeIgniter))
#12 C:\xampp\htdocs\ShippingCalculator\index.php(56): CodeIgniter\Boot::bootWeb(Object(Config\Paths))
#13 {main}

Next CodeIgniter\Database\Exceptions\DatabaseException: MySQL server has gone away in C:\xampp\htdocs\ShippingCalculator\vendor\codeigniter4\framework\system\Database\MySQLi\Connection.php:231
Stack trace:
#0 C:\xampp\htdocs\ShippingCalculator\vendor\codeigniter4\framework\system\Database\BaseConnection.php(421): CodeIgniter\Database\MySQLi\Connection->connect(false)
#1 C:\xampp\htdocs\ShippingCalculator\vendor\codeigniter4\framework\system\Database\BaseConnection.php(604): CodeIgniter\Database\BaseConnection->initialize()
#2 C:\xampp\htdocs\ShippingCalculator\vendor\codeigniter4\framework\system\Database\BaseBuilder.php(1629): CodeIgniter\Database\BaseConnection->query('SELECT `Code`, ...', Array, false)
#3 C:\xampp\htdocs\ShippingCalculator\vendor\codeigniter4\framework\system\Model.php(275): CodeIgniter\Database\BaseBuilder->get()
#4 C:\xampp\htdocs\ShippingCalculator\vendor\codeigniter4\framework\system\BaseModel.php(676): CodeIgniter\Model->doFindAll(5, 0)
#5 C:\xampp\htdocs\ShippingCalculator\app\Controllers\Demo.php(43): CodeIgniter\BaseModel->findAll(5)
#6 C:\xampp\htdocs\ShippingCalculator\vendor\codeigniter4\framework\system\CodeIgniter.php(933): App\Controllers\Demo->ajax()
#7 C:\xampp\htdocs\ShippingCalculator\vendor\codeigniter4\framework\system\CodeIgniter.php(509): CodeIgniter\CodeIgniter->runController(Object(App\Controllers\Demo))
#8 C:\xampp\htdocs\ShippingCalculator\vendor\codeigniter4\framework\system\CodeIgniter.php(355): CodeIgniter\CodeIgniter->handleRequest(NULL, Object(Config\Cache), false)
#9 C:\xampp\htdocs\ShippingCalculator\vendor\codeigniter4\framework\system\Boot.php(312): CodeIgniter\CodeIgniter->run()
#10 C:\xampp\htdocs\ShippingCalculator\vendor\codeigniter4\framework\system\Boot.php(67): CodeIgniter\Boot::runCodeIgniter(Object(CodeIgniter\CodeIgniter))
#11 C:\xampp\htdocs\ShippingCalculator\index.php(56): CodeIgniter\Boot::bootWeb(Object(Config\Paths))
#12 {main}
CRITICAL - 2024-06-04 05:59:54 --> CodeIgniter\Database\Exceptions\DatabaseException: Unable to connect to the database.
Main connection [MySQLi]: MySQL server has gone away
[Method: POST, Route: demo/ajax]
in SYSTEMPATH\Database\BaseConnection.php on line 457.
 1 SYSTEMPATH\Database\BaseConnection.php(604): CodeIgniter\Database\BaseConnection->initialize()
 2 SYSTEMPATH\Database\BaseBuilder.php(1629): CodeIgniter\Database\BaseConnection->query('SELECT `Code`, `Weight`
FROM `calculator`
WHERE `Code` LIKE :Code: ESCAPE \'!\'
ORDER BY `Code`
 LIMIT 5', [...], false)
 3 SYSTEMPATH\Model.php(275): CodeIgniter\Database\BaseBuilder->get()
 4 SYSTEMPATH\BaseModel.php(676): CodeIgniter\Model->doFindAll(5, 0)
 5 APPPATH\Controllers\Demo.php(43): CodeIgniter\BaseModel->findAll(5)
 6 SYSTEMPATH\CodeIgniter.php(933): App\Controllers\Demo->ajax()
 7 SYSTEMPATH\CodeIgniter.php(509): CodeIgniter\CodeIgniter->runController(Object(App\Controllers\Demo))
 8 SYSTEMPATH\CodeIgniter.php(355): CodeIgniter\CodeIgniter->handleRequest(null, Object(Config\Cache), false)
 9 SYSTEMPATH\Boot.php(312): CodeIgniter\CodeIgniter->run()
10 SYSTEMPATH\Boot.php(67): CodeIgniter\Boot::runCodeIgniter(Object(CodeIgniter\CodeIgniter))
11 FCPATH\index.php(56): CodeIgniter\Boot::bootWeb(Object(Config\Paths))
ERROR - 2024-06-04 05:59:54 --> Error connecting to the database: ErrorException: Packets out of order. Expected 0 received 80. Packet size=5526600 in C:\xampp\htdocs\ShippingCalculator\vendor\codeigniter4\framework\system\Database\MySQLi\Connection.php:186
Stack trace:
#0 [internal function]: CodeIgniter\Debug\Exceptions->errorHandler(2, 'Packets out of ...', 'C:\\xampp\\htdocs...', 186)
#1 C:\xampp\htdocs\ShippingCalculator\vendor\codeigniter4\framework\system\Database\MySQLi\Connection.php(186): mysqli->real_connect('az1-ls16.a2host...', 'tsbcentr_Shippi...', Object(SensitiveParameterValue), 'tsbliving', 2083, '', 0)
#2 C:\xampp\htdocs\ShippingCalculator\vendor\codeigniter4\framework\system\Database\BaseConnection.php(421): CodeIgniter\Database\MySQLi\Connection->connect(false)
#3 C:\xampp\htdocs\ShippingCalculator\vendor\codeigniter4\framework\system\Database\BaseConnection.php(604): CodeIgniter\Database\BaseConnection->initialize()
#4 C:\xampp\htdocs\ShippingCalculator\vendor\codeigniter4\framework\system\Database\BaseBuilder.php(1629): CodeIgniter\Database\BaseConnection->query('SELECT `Code`, ...', Array, false)
#5 C:\xampp\htdocs\ShippingCalculator\vendor\codeigniter4\framework\system\Model.php(275): CodeIgniter\Database\BaseBuilder->get()
#6 C:\xampp\htdocs\ShippingCalculator\vendor\codeigniter4\framework\system\BaseModel.php(676): CodeIgniter\Model->doFindAll(5, 0)
#7 C:\xampp\htdocs\ShippingCalculator\app\Controllers\Demo.php(43): CodeIgniter\BaseModel->findAll(5)
#8 C:\xampp\htdocs\ShippingCalculator\vendor\codeigniter4\framework\system\CodeIgniter.php(933): App\Controllers\Demo->ajax()
#9 C:\xampp\htdocs\ShippingCalculator\vendor\codeigniter4\framework\system\CodeIgniter.php(509): CodeIgniter\CodeIgniter->runController(Object(App\Controllers\Demo))
#10 C:\xampp\htdocs\ShippingCalculator\vendor\codeigniter4\framework\system\CodeIgniter.php(355): CodeIgniter\CodeIgniter->handleRequest(NULL, Object(Config\Cache), false)
#11 C:\xampp\htdocs\ShippingCalculator\vendor\codeigniter4\framework\system\Boot.php(312): CodeIgniter\CodeIgniter->run()
#12 C:\xampp\htdocs\ShippingCalculator\vendor\codeigniter4\framework\system\Boot.php(67): CodeIgniter\Boot::runCodeIgniter(Object(CodeIgniter\CodeIgniter))
#13 C:\xampp\htdocs\ShippingCalculator\index.php(56): CodeIgniter\Boot::bootWeb(Object(Config\Paths))
#14 {main}

Next mysqli_sql_exception: MySQL server has gone away in C:\xampp\htdocs\ShippingCalculator\vendor\codeigniter4\framework\system\Database\MySQLi\Connection.php:186
Stack trace:
#0 C:\xampp\htdocs\ShippingCalculator\vendor\codeigniter4\framework\system\Database\MySQLi\Connection.php(186): mysqli->real_connect('az1-ls16.a2host...', 'tsbcentr_Shippi...', Object(SensitiveParameterValue), 'tsbliving', 2083, '', 0)
#1 C:\xampp\htdocs\ShippingCalculator\vendor\codeigniter4\framework\system\Database\BaseConnection.php(421): CodeIgniter\Database\MySQLi\Connection->connect(false)
#2 C:\xampp\htdocs\ShippingCalculator\vendor\codeigniter4\framework\system\Database\BaseConnection.php(604): CodeIgniter\Database\BaseConnection->initialize()
#3 C:\xampp\htdocs\ShippingCalculator\vendor\codeigniter4\framework\system\Database\BaseBuilder.php(1629): CodeIgniter\Database\BaseConnection->query('SELECT `Code`, ...', Array, false)
#4 C:\xampp\htdocs\ShippingCalculator\vendor\codeigniter4\framework\system\Model.php(275): CodeIgniter\Database\BaseBuilder->get()
#5 C:\xampp\htdocs\ShippingCalculator\vendor\codeigniter4\framework\system\BaseModel.php(676): CodeIgniter\Model->doFindAll(5, 0)
#6 C:\xampp\htdocs\ShippingCalculator\app\Controllers\Demo.php(43): CodeIgniter\BaseModel->findAll(5)
#7 C:\xampp\htdocs\ShippingCalculator\vendor\codeigniter4\framework\system\CodeIgniter.php(933): App\Controllers\Demo->ajax()
#8 C:\xampp\htdocs\ShippingCalculator\vendor\codeigniter4\framework\system\CodeIgniter.php(509): CodeIgniter\CodeIgniter->runController(Object(App\Controllers\Demo))
#9 C:\xampp\htdocs\ShippingCalculator\vendor\codeigniter4\framework\system\CodeIgniter.php(355): CodeIgniter\CodeIgniter->handleRequest(NULL, Object(Config\Cache), false)
#10 C:\xampp\htdocs\ShippingCalculator\vendor\codeigniter4\framework\system\Boot.php(312): CodeIgniter\CodeIgniter->run()
#11 C:\xampp\htdocs\ShippingCalculator\vendor\codeigniter4\framework\system\Boot.php(67): CodeIgniter\Boot::runCodeIgniter(Object(CodeIgniter\CodeIgniter))
#12 C:\xampp\htdocs\ShippingCalculator\index.php(56): CodeIgniter\Boot::bootWeb(Object(Config\Paths))
#13 {main}

Next CodeIgniter\Database\Exceptions\DatabaseException: MySQL server has gone away in C:\xampp\htdocs\ShippingCalculator\vendor\codeigniter4\framework\system\Database\MySQLi\Connection.php:231
Stack trace:
#0 C:\xampp\htdocs\ShippingCalculator\vendor\codeigniter4\framework\system\Database\BaseConnection.php(421): CodeIgniter\Database\MySQLi\Connection->connect(false)
#1 C:\xampp\htdocs\ShippingCalculator\vendor\codeigniter4\framework\system\Database\BaseConnection.php(604): CodeIgniter\Database\BaseConnection->initialize()
#2 C:\xampp\htdocs\ShippingCalculator\vendor\codeigniter4\framework\system\Database\BaseBuilder.php(1629): CodeIgniter\Database\BaseConnection->query('SELECT `Code`, ...', Array, false)
#3 C:\xampp\htdocs\ShippingCalculator\vendor\codeigniter4\framework\system\Model.php(275): CodeIgniter\Database\BaseBuilder->get()
#4 C:\xampp\htdocs\ShippingCalculator\vendor\codeigniter4\framework\system\BaseModel.php(676): CodeIgniter\Model->doFindAll(5, 0)
#5 C:\xampp\htdocs\ShippingCalculator\app\Controllers\Demo.php(43): CodeIgniter\BaseModel->findAll(5)
#6 C:\xampp\htdocs\ShippingCalculator\vendor\codeigniter4\framework\system\CodeIgniter.php(933): App\Controllers\Demo->ajax()
#7 C:\xampp\htdocs\ShippingCalculator\vendor\codeigniter4\framework\system\CodeIgniter.php(509): CodeIgniter\CodeIgniter->runController(Object(App\Controllers\Demo))
#8 C:\xampp\htdocs\ShippingCalculator\vendor\codeigniter4\framework\system\CodeIgniter.php(355): CodeIgniter\CodeIgniter->handleRequest(NULL, Object(Config\Cache), false)
#9 C:\xampp\htdocs\ShippingCalculator\vendor\codeigniter4\framework\system\Boot.php(312): CodeIgniter\CodeIgniter->run()
#10 C:\xampp\htdocs\ShippingCalculator\vendor\codeigniter4\framework\system\Boot.php(67): CodeIgniter\Boot::runCodeIgniter(Object(CodeIgniter\CodeIgniter))
#11 C:\xampp\htdocs\ShippingCalculator\index.php(56): CodeIgniter\Boot::bootWeb(Object(Config\Paths))
#12 {main}
CRITICAL - 2024-06-04 05:59:54 --> CodeIgniter\Database\Exceptions\DatabaseException: Unable to connect to the database.
Main connection [MySQLi]: MySQL server has gone away
[Method: POST, Route: demo/ajax]
in SYSTEMPATH\Database\BaseConnection.php on line 457.
 1 SYSTEMPATH\Database\BaseConnection.php(604): CodeIgniter\Database\BaseConnection->initialize()
 2 SYSTEMPATH\Database\BaseBuilder.php(1629): CodeIgniter\Database\BaseConnection->query('SELECT `Code`, `Weight`
FROM `calculator`
WHERE `Code` LIKE :Code: ESCAPE \'!\'
ORDER BY `Code`
 LIMIT 5', [...], false)
 3 SYSTEMPATH\Model.php(275): CodeIgniter\Database\BaseBuilder->get()
 4 SYSTEMPATH\BaseModel.php(676): CodeIgniter\Model->doFindAll(5, 0)
 5 APPPATH\Controllers\Demo.php(43): CodeIgniter\BaseModel->findAll(5)
 6 SYSTEMPATH\CodeIgniter.php(933): App\Controllers\Demo->ajax()
 7 SYSTEMPATH\CodeIgniter.php(509): CodeIgniter\CodeIgniter->runController(Object(App\Controllers\Demo))
 8 SYSTEMPATH\CodeIgniter.php(355): CodeIgniter\CodeIgniter->handleRequest(null, Object(Config\Cache), false)
 9 SYSTEMPATH\Boot.php(312): CodeIgniter\CodeIgniter->run()
10 SYSTEMPATH\Boot.php(67): CodeIgniter\Boot::runCodeIgniter(Object(CodeIgniter\CodeIgniter))
11 FCPATH\index.php(56): CodeIgniter\Boot::bootWeb(Object(Config\Paths))
ERROR - 2024-06-04 06:00:24 --> Error connecting to the database: ErrorException: Packets out of order. Expected 0 received 80. Packet size=5526600 in C:\xampp\htdocs\ShippingCalculator\vendor\codeigniter4\framework\system\Database\MySQLi\Connection.php:186
Stack trace:
#0 [internal function]: CodeIgniter\Debug\Exceptions->errorHandler(2, 'Packets out of ...', 'C:\\xampp\\htdocs...', 186)
#1 C:\xampp\htdocs\ShippingCalculator\vendor\codeigniter4\framework\system\Database\MySQLi\Connection.php(186): mysqli->real_connect('az1-ls16.a2host...', 'tsbcentr_Shippi...', Object(SensitiveParameterValue), 'tsbliving', 2083, '', 0)
#2 C:\xampp\htdocs\ShippingCalculator\vendor\codeigniter4\framework\system\Database\BaseConnection.php(421): CodeIgniter\Database\MySQLi\Connection->connect(false)
#3 C:\xampp\htdocs\ShippingCalculator\vendor\codeigniter4\framework\system\Database\BaseConnection.php(604): CodeIgniter\Database\BaseConnection->initialize()
#4 C:\xampp\htdocs\ShippingCalculator\vendor\codeigniter4\framework\system\Database\BaseBuilder.php(1629): CodeIgniter\Database\BaseConnection->query('SELECT `Code`, ...', Array, false)
#5 C:\xampp\htdocs\ShippingCalculator\vendor\codeigniter4\framework\system\Model.php(275): CodeIgniter\Database\BaseBuilder->get()
#6 C:\xampp\htdocs\ShippingCalculator\vendor\codeigniter4\framework\system\BaseModel.php(676): CodeIgniter\Model->doFindAll(5, 0)
#7 C:\xampp\htdocs\ShippingCalculator\app\Controllers\Demo.php(43): CodeIgniter\BaseModel->findAll(5)
#8 C:\xampp\htdocs\ShippingCalculator\vendor\codeigniter4\framework\system\CodeIgniter.php(933): App\Controllers\Demo->ajax()
#9 C:\xampp\htdocs\ShippingCalculator\vendor\codeigniter4\framework\system\CodeIgniter.php(509): CodeIgniter\CodeIgniter->runController(Object(App\Controllers\Demo))
#10 C:\xampp\htdocs\ShippingCalculator\vendor\codeigniter4\framework\system\CodeIgniter.php(355): CodeIgniter\CodeIgniter->handleRequest(NULL, Object(Config\Cache), false)
#11 C:\xampp\htdocs\ShippingCalculator\vendor\codeigniter4\framework\system\Boot.php(312): CodeIgniter\CodeIgniter->run()
#12 C:\xampp\htdocs\ShippingCalculator\vendor\codeigniter4\framework\system\Boot.php(67): CodeIgniter\Boot::runCodeIgniter(Object(CodeIgniter\CodeIgniter))
#13 C:\xampp\htdocs\ShippingCalculator\index.php(56): CodeIgniter\Boot::bootWeb(Object(Config\Paths))
#14 {main}

Next mysqli_sql_exception: MySQL server has gone away in C:\xampp\htdocs\ShippingCalculator\vendor\codeigniter4\framework\system\Database\MySQLi\Connection.php:186
Stack trace:
#0 C:\xampp\htdocs\ShippingCalculator\vendor\codeigniter4\framework\system\Database\MySQLi\Connection.php(186): mysqli->real_connect('az1-ls16.a2host...', 'tsbcentr_Shippi...', Object(SensitiveParameterValue), 'tsbliving', 2083, '', 0)
#1 C:\xampp\htdocs\ShippingCalculator\vendor\codeigniter4\framework\system\Database\BaseConnection.php(421): CodeIgniter\Database\MySQLi\Connection->connect(false)
#2 C:\xampp\htdocs\ShippingCalculator\vendor\codeigniter4\framework\system\Database\BaseConnection.php(604): CodeIgniter\Database\BaseConnection->initialize()
#3 C:\xampp\htdocs\ShippingCalculator\vendor\codeigniter4\framework\system\Database\BaseBuilder.php(1629): CodeIgniter\Database\BaseConnection->query('SELECT `Code`, ...', Array, false)
#4 C:\xampp\htdocs\ShippingCalculator\vendor\codeigniter4\framework\system\Model.php(275): CodeIgniter\Database\BaseBuilder->get()
#5 C:\xampp\htdocs\ShippingCalculator\vendor\codeigniter4\framework\system\BaseModel.php(676): CodeIgniter\Model->doFindAll(5, 0)
#6 C:\xampp\htdocs\ShippingCalculator\app\Controllers\Demo.php(43): CodeIgniter\BaseModel->findAll(5)
#7 C:\xampp\htdocs\ShippingCalculator\vendor\codeigniter4\framework\system\CodeIgniter.php(933): App\Controllers\Demo->ajax()
#8 C:\xampp\htdocs\ShippingCalculator\vendor\codeigniter4\framework\system\CodeIgniter.php(509): CodeIgniter\CodeIgniter->runController(Object(App\Controllers\Demo))
#9 C:\xampp\htdocs\ShippingCalculator\vendor\codeigniter4\framework\system\CodeIgniter.php(355): CodeIgniter\CodeIgniter->handleRequest(NULL, Object(Config\Cache), false)
#10 C:\xampp\htdocs\ShippingCalculator\vendor\codeigniter4\framework\system\Boot.php(312): CodeIgniter\CodeIgniter->run()
#11 C:\xampp\htdocs\ShippingCalculator\vendor\codeigniter4\framework\system\Boot.php(67): CodeIgniter\Boot::runCodeIgniter(Object(CodeIgniter\CodeIgniter))
#12 C:\xampp\htdocs\ShippingCalculator\index.php(56): CodeIgniter\Boot::bootWeb(Object(Config\Paths))
#13 {main}

Next CodeIgniter\Database\Exceptions\DatabaseException: MySQL server has gone away in C:\xampp\htdocs\ShippingCalculator\vendor\codeigniter4\framework\system\Database\MySQLi\Connection.php:231
Stack trace:
#0 C:\xampp\htdocs\ShippingCalculator\vendor\codeigniter4\framework\system\Database\BaseConnection.php(421): CodeIgniter\Database\MySQLi\Connection->connect(false)
#1 C:\xampp\htdocs\ShippingCalculator\vendor\codeigniter4\framework\system\Database\BaseConnection.php(604): CodeIgniter\Database\BaseConnection->initialize()
#2 C:\xampp\htdocs\ShippingCalculator\vendor\codeigniter4\framework\system\Database\BaseBuilder.php(1629): CodeIgniter\Database\BaseConnection->query('SELECT `Code`, ...', Array, false)
#3 C:\xampp\htdocs\ShippingCalculator\vendor\codeigniter4\framework\system\Model.php(275): CodeIgniter\Database\BaseBuilder->get()
#4 C:\xampp\htdocs\ShippingCalculator\vendor\codeigniter4\framework\system\BaseModel.php(676): CodeIgniter\Model->doFindAll(5, 0)
#5 C:\xampp\htdocs\ShippingCalculator\app\Controllers\Demo.php(43): CodeIgniter\BaseModel->findAll(5)
#6 C:\xampp\htdocs\ShippingCalculator\vendor\codeigniter4\framework\system\CodeIgniter.php(933): App\Controllers\Demo->ajax()
#7 C:\xampp\htdocs\ShippingCalculator\vendor\codeigniter4\framework\system\CodeIgniter.php(509): CodeIgniter\CodeIgniter->runController(Object(App\Controllers\Demo))
#8 C:\xampp\htdocs\ShippingCalculator\vendor\codeigniter4\framework\system\CodeIgniter.php(355): CodeIgniter\CodeIgniter->handleRequest(NULL, Object(Config\Cache), false)
#9 C:\xampp\htdocs\ShippingCalculator\vendor\codeigniter4\framework\system\Boot.php(312): CodeIgniter\CodeIgniter->run()
#10 C:\xampp\htdocs\ShippingCalculator\vendor\codeigniter4\framework\system\Boot.php(67): CodeIgniter\Boot::runCodeIgniter(Object(CodeIgniter\CodeIgniter))
#11 C:\xampp\htdocs\ShippingCalculator\index.php(56): CodeIgniter\Boot::bootWeb(Object(Config\Paths))
#12 {main}
CRITICAL - 2024-06-04 06:00:24 --> CodeIgniter\Database\Exceptions\DatabaseException: Unable to connect to the database.
Main connection [MySQLi]: MySQL server has gone away
[Method: POST, Route: demo/ajax]
in SYSTEMPATH\Database\BaseConnection.php on line 457.
 1 SYSTEMPATH\Database\BaseConnection.php(604): CodeIgniter\Database\BaseConnection->initialize()
 2 SYSTEMPATH\Database\BaseBuilder.php(1629): CodeIgniter\Database\BaseConnection->query('SELECT `Code`, `Weight`
FROM `calculator`
WHERE `Code` LIKE :Code: ESCAPE \'!\'
ORDER BY `Code`
 LIMIT 5', [...], false)
 3 SYSTEMPATH\Model.php(275): CodeIgniter\Database\BaseBuilder->get()
 4 SYSTEMPATH\BaseModel.php(676): CodeIgniter\Model->doFindAll(5, 0)
 5 APPPATH\Controllers\Demo.php(43): CodeIgniter\BaseModel->findAll(5)
 6 SYSTEMPATH\CodeIgniter.php(933): App\Controllers\Demo->ajax()
 7 SYSTEMPATH\CodeIgniter.php(509): CodeIgniter\CodeIgniter->runController(Object(App\Controllers\Demo))
 8 SYSTEMPATH\CodeIgniter.php(355): CodeIgniter\CodeIgniter->handleRequest(null, Object(Config\Cache), false)
 9 SYSTEMPATH\Boot.php(312): CodeIgniter\CodeIgniter->run()
10 SYSTEMPATH\Boot.php(67): CodeIgniter\Boot::runCodeIgniter(Object(CodeIgniter\CodeIgniter))
11 FCPATH\index.php(56): CodeIgniter\Boot::bootWeb(Object(Config\Paths))
INFO - 2024-06-04 06:04:30 --> CSRF token verified.
ERROR - 2024-06-04 06:05:00 --> Error connecting to the database: ErrorException: Packets out of order. Expected 0 received 80. Packet size=5526600 in C:\xampp\htdocs\ShippingCalculator\vendor\codeigniter4\framework\system\Database\MySQLi\Connection.php:186
Stack trace:
#0 [internal function]: CodeIgniter\Debug\Exceptions->errorHandler(2, 'Packets out of ...', 'C:\\xampp\\htdocs...', 186)
#1 C:\xampp\htdocs\ShippingCalculator\vendor\codeigniter4\framework\system\Database\MySQLi\Connection.php(186): mysqli->real_connect('az1-ls16.a2host...', 'tsbcentr_Shippi...', Object(SensitiveParameterValue), 'tsbliving', 2083, '', 0)
#2 C:\xampp\htdocs\ShippingCalculator\vendor\codeigniter4\framework\system\Database\BaseConnection.php(421): CodeIgniter\Database\MySQLi\Connection->connect(false)
#3 C:\xampp\htdocs\ShippingCalculator\vendor\codeigniter4\framework\system\Database\BaseConnection.php(604): CodeIgniter\Database\BaseConnection->initialize()
#4 C:\xampp\htdocs\ShippingCalculator\vendor\codeigniter4\framework\system\Database\BaseBuilder.php(1629): CodeIgniter\Database\BaseConnection->query('SELECT `Code`, ...', Array, false)
#5 C:\xampp\htdocs\ShippingCalculator\vendor\codeigniter4\framework\system\Model.php(275): CodeIgniter\Database\BaseBuilder->get()
#6 C:\xampp\htdocs\ShippingCalculator\vendor\codeigniter4\framework\system\BaseModel.php(676): CodeIgniter\Model->doFindAll(5, 0)
#7 C:\xampp\htdocs\ShippingCalculator\app\Controllers\Demo.php(43): CodeIgniter\BaseModel->findAll(5)
#8 C:\xampp\htdocs\ShippingCalculator\vendor\codeigniter4\framework\system\CodeIgniter.php(933): App\Controllers\Demo->ajax()
#9 C:\xampp\htdocs\ShippingCalculator\vendor\codeigniter4\framework\system\CodeIgniter.php(509): CodeIgniter\CodeIgniter->runController(Object(App\Controllers\Demo))
#10 C:\xampp\htdocs\ShippingCalculator\vendor\codeigniter4\framework\system\CodeIgniter.php(355): CodeIgniter\CodeIgniter->handleRequest(NULL, Object(Config\Cache), false)
#11 C:\xampp\htdocs\ShippingCalculator\vendor\codeigniter4\framework\system\Boot.php(312): CodeIgniter\CodeIgniter->run()
#12 C:\xampp\htdocs\ShippingCalculator\vendor\codeigniter4\framework\system\Boot.php(67): CodeIgniter\Boot::runCodeIgniter(Object(CodeIgniter\CodeIgniter))
#13 C:\xampp\htdocs\ShippingCalculator\index.php(56): CodeIgniter\Boot::bootWeb(Object(Config\Paths))
#14 {main}

Next mysqli_sql_exception: MySQL server has gone away in C:\xampp\htdocs\ShippingCalculator\vendor\codeigniter4\framework\system\Database\MySQLi\Connection.php:186
Stack trace:
#0 C:\xampp\htdocs\ShippingCalculator\vendor\codeigniter4\framework\system\Database\MySQLi\Connection.php(186): mysqli->real_connect('az1-ls16.a2host...', 'tsbcentr_Shippi...', Object(SensitiveParameterValue), 'tsbliving', 2083, '', 0)
#1 C:\xampp\htdocs\ShippingCalculator\vendor\codeigniter4\framework\system\Database\BaseConnection.php(421): CodeIgniter\Database\MySQLi\Connection->connect(false)
#2 C:\xampp\htdocs\ShippingCalculator\vendor\codeigniter4\framework\system\Database\BaseConnection.php(604): CodeIgniter\Database\BaseConnection->initialize()
#3 C:\xampp\htdocs\ShippingCalculator\vendor\codeigniter4\framework\system\Database\BaseBuilder.php(1629): CodeIgniter\Database\BaseConnection->query('SELECT `Code`, ...', Array, false)
#4 C:\xampp\htdocs\ShippingCalculator\vendor\codeigniter4\framework\system\Model.php(275): CodeIgniter\Database\BaseBuilder->get()
#5 C:\xampp\htdocs\ShippingCalculator\vendor\codeigniter4\framework\system\BaseModel.php(676): CodeIgniter\Model->doFindAll(5, 0)
#6 C:\xampp\htdocs\ShippingCalculator\app\Controllers\Demo.php(43): CodeIgniter\BaseModel->findAll(5)
#7 C:\xampp\htdocs\ShippingCalculator\vendor\codeigniter4\framework\system\CodeIgniter.php(933): App\Controllers\Demo->ajax()
#8 C:\xampp\htdocs\ShippingCalculator\vendor\codeigniter4\framework\system\CodeIgniter.php(509): CodeIgniter\CodeIgniter->runController(Object(App\Controllers\Demo))
#9 C:\xampp\htdocs\ShippingCalculator\vendor\codeigniter4\framework\system\CodeIgniter.php(355): CodeIgniter\CodeIgniter->handleRequest(NULL, Object(Config\Cache), false)
#10 C:\xampp\htdocs\ShippingCalculator\vendor\codeigniter4\framework\system\Boot.php(312): CodeIgniter\CodeIgniter->run()
#11 C:\xampp\htdocs\ShippingCalculator\vendor\codeigniter4\framework\system\Boot.php(67): CodeIgniter\Boot::runCodeIgniter(Object(CodeIgniter\CodeIgniter))
#12 C:\xampp\htdocs\ShippingCalculator\index.php(56): CodeIgniter\Boot::bootWeb(Object(Config\Paths))
#13 {main}

Next CodeIgniter\Database\Exceptions\DatabaseException: MySQL server has gone away in C:\xampp\htdocs\ShippingCalculator\vendor\codeigniter4\framework\system\Database\MySQLi\Connection.php:231
Stack trace:
#0 C:\xampp\htdocs\ShippingCalculator\vendor\codeigniter4\framework\system\Database\BaseConnection.php(421): CodeIgniter\Database\MySQLi\Connection->connect(false)
#1 C:\xampp\htdocs\ShippingCalculator\vendor\codeigniter4\framework\system\Database\BaseConnection.php(604): CodeIgniter\Database\BaseConnection->initialize()
#2 C:\xampp\htdocs\ShippingCalculator\vendor\codeigniter4\framework\system\Database\BaseBuilder.php(1629): CodeIgniter\Database\BaseConnection->query('SELECT `Code`, ...', Array, false)
#3 C:\xampp\htdocs\ShippingCalculator\vendor\codeigniter4\framework\system\Model.php(275): CodeIgniter\Database\BaseBuilder->get()
#4 C:\xampp\htdocs\ShippingCalculator\vendor\codeigniter4\framework\system\BaseModel.php(676): CodeIgniter\Model->doFindAll(5, 0)
#5 C:\xampp\htdocs\ShippingCalculator\app\Controllers\Demo.php(43): CodeIgniter\BaseModel->findAll(5)
#6 C:\xampp\htdocs\ShippingCalculator\vendor\codeigniter4\framework\system\CodeIgniter.php(933): App\Controllers\Demo->ajax()
#7 C:\xampp\htdocs\ShippingCalculator\vendor\codeigniter4\framework\system\CodeIgniter.php(509): CodeIgniter\CodeIgniter->runController(Object(App\Controllers\Demo))
#8 C:\xampp\htdocs\ShippingCalculator\vendor\codeigniter4\framework\system\CodeIgniter.php(355): CodeIgniter\CodeIgniter->handleRequest(NULL, Object(Config\Cache), false)
#9 C:\xampp\htdocs\ShippingCalculator\vendor\codeigniter4\framework\system\Boot.php(312): CodeIgniter\CodeIgniter->run()
#10 C:\xampp\htdocs\ShippingCalculator\vendor\codeigniter4\framework\system\Boot.php(67): CodeIgniter\Boot::runCodeIgniter(Object(CodeIgniter\CodeIgniter))
#11 C:\xampp\htdocs\ShippingCalculator\index.php(56): CodeIgniter\Boot::bootWeb(Object(Config\Paths))
#12 {main}
CRITICAL - 2024-06-04 06:05:00 --> CodeIgniter\Database\Exceptions\DatabaseException: Unable to connect to the database.
Main connection [MySQLi]: MySQL server has gone away
[Method: POST, Route: demo/ajax]
in SYSTEMPATH\Database\BaseConnection.php on line 457.
 1 SYSTEMPATH\Database\BaseConnection.php(604): CodeIgniter\Database\BaseConnection->initialize()
 2 SYSTEMPATH\Database\BaseBuilder.php(1629): CodeIgniter\Database\BaseConnection->query('SELECT `Code`, `Weight`
FROM `calculator`
WHERE `Code` LIKE :Code: ESCAPE \'!\'
ORDER BY `Code`
 LIMIT 5', [...], false)
 3 SYSTEMPATH\Model.php(275): CodeIgniter\Database\BaseBuilder->get()
 4 SYSTEMPATH\BaseModel.php(676): CodeIgniter\Model->doFindAll(5, 0)
 5 APPPATH\Controllers\Demo.php(43): CodeIgniter\BaseModel->findAll(5)
 6 SYSTEMPATH\CodeIgniter.php(933): App\Controllers\Demo->ajax()
 7 SYSTEMPATH\CodeIgniter.php(509): CodeIgniter\CodeIgniter->runController(Object(App\Controllers\Demo))
 8 SYSTEMPATH\CodeIgniter.php(355): CodeIgniter\CodeIgniter->handleRequest(null, Object(Config\Cache), false)
 9 SYSTEMPATH\Boot.php(312): CodeIgniter\CodeIgniter->run()
10 SYSTEMPATH\Boot.php(67): CodeIgniter\Boot::runCodeIgniter(Object(CodeIgniter\CodeIgniter))
11 FCPATH\index.php(56): CodeIgniter\Boot::bootWeb(Object(Config\Paths))
INFO - 2024-06-04 06:05:14 --> CSRF token verified.
INFO - 2024-06-04 06:05:16 --> CSRF token verified.
INFO - 2024-06-04 08:05:16 --> CSRF token verified.
INFO - 2024-06-04 08:05:17 --> CSRF token verified.
INFO - 2024-06-04 08:07:24 --> CSRF token verified.
INFO - 2024-06-04 08:07:30 --> CSRF token verified.
INFO - 2024-06-04 08:07:31 --> CSRF token verified.
INFO - 2024-06-04 08:07:32 --> CSRF token verified.
INFO - 2024-06-04 08:07:33 --> CSRF token verified.
INFO - 2024-06-04 08:07:37 --> CSRF token verified.
INFO - 2024-06-04 08:18:27 --> CSRF token verified.
INFO - 2024-06-04 08:18:29 --> CSRF token verified.
INFO - 2024-06-04 08:18:31 --> CSRF token verified.
INFO - 2024-06-04 08:23:42 --> CSRF token verified.
INFO - 2024-06-04 08:25:12 --> CSRF token verified.
INFO - 2024-06-04 08:25:13 --> CSRF token verified.
INFO - 2024-06-04 08:25:14 --> CSRF token verified.
INFO - 2024-06-04 08:25:50 --> CSRF token verified.
INFO - 2024-06-04 08:28:57 --> CSRF token verified.
INFO - 2024-06-04 08:28:58 --> CSRF token verified.
INFO - 2024-06-04 08:28:59 --> CSRF token verified.
INFO - 2024-06-04 08:29:03 --> CSRF token verified.
INFO - 2024-06-04 08:29:04 --> CSRF token verified.
INFO - 2024-06-04 08:29:04 --> CSRF token verified.
INFO - 2024-06-04 08:29:05 --> CSRF token verified.
INFO - 2024-06-04 08:29:13 --> CSRF token verified.
INFO - 2024-06-04 08:29:14 --> CSRF token verified.
INFO - 2024-06-04 08:29:15 --> CSRF token verified.
INFO - 2024-06-04 08:29:43 --> CSRF token verified.
INFO - 2024-06-04 08:32:56 --> CSRF token verified.
INFO - 2024-06-04 08:32:58 --> CSRF token verified.
INFO - 2024-06-04 08:34:57 --> CSRF token verified.
INFO - 2024-06-04 08:35:00 --> CSRF token verified.
INFO - 2024-06-04 08:35:02 --> CSRF token verified.
INFO - 2024-06-04 08:35:02 --> CSRF token verified.
INFO - 2024-06-04 08:35:03 --> CSRF token verified.
INFO - 2024-06-04 08:40:19 --> CSRF token verified.
INFO - 2024-06-04 08:40:21 --> CSRF token verified.
INFO - 2024-06-04 08:40:42 --> CSRF token verified.
INFO - 2024-06-04 08:44:09 --> CSRF token verified.
INFO - 2024-06-04 08:44:13 --> CSRF token verified.
INFO - 2024-06-04 08:44:18 --> CSRF token verified.
INFO - 2024-06-04 08:45:40 --> CSRF token verified.
INFO - 2024-06-04 08:45:46 --> CSRF token verified.
INFO - 2024-06-04 08:45:47 --> CSRF token verified.
INFO - 2024-06-04 08:45:48 --> CSRF token verified.
INFO - 2024-06-04 08:45:49 --> CSRF token verified.
INFO - 2024-06-04 08:45:50 --> CSRF token verified.
INFO - 2024-06-04 08:55:57 --> CSRF token verified.
INFO - 2024-06-04 08:55:59 --> CSRF token verified.
INFO - 2024-06-04 08:56:23 --> CSRF token verified.
INFO - 2024-06-04 08:56:26 --> CSRF token verified.
INFO - 2024-06-04 08:58:54 --> CSRF token verified.
INFO - 2024-06-04 08:59:06 --> CSRF token verified.
INFO - 2024-06-04 08:59:20 --> CSRF token verified.
INFO - 2024-06-04 08:59:33 --> CSRF token verified.
INFO - 2024-06-04 08:59:37 --> CSRF token verified.
INFO - 2024-06-04 09:03:16 --> CSRF token verified.
INFO - 2024-06-04 09:04:26 --> CSRF token verified.
INFO - 2024-06-04 09:06:05 --> CSRF token verified.
INFO - 2024-06-04 09:06:18 --> CSRF token verified.
INFO - 2024-06-04 09:07:39 --> CSRF token verified.
INFO - 2024-06-04 09:10:53 --> CSRF token verified.
INFO - 2024-06-04 09:11:04 --> CSRF token verified.
INFO - 2024-06-04 09:14:21 --> CSRF token verified.
INFO - 2024-06-04 09:14:26 --> CSRF token verified.
INFO - 2024-06-04 09:14:30 --> CSRF token verified.
INFO - 2024-06-04 09:14:34 --> CSRF token verified.
INFO - 2024-06-04 09:14:41 --> CSRF token verified.
INFO - 2024-06-04 09:15:30 --> CSRF token verified.
INFO - 2024-06-04 09:15:40 --> CSRF token verified.
INFO - 2024-06-04 09:15:56 --> CSRF token verified.
INFO - 2024-06-04 09:19:31 --> CSRF token verified.
INFO - 2024-06-04 09:19:38 --> CSRF token verified.
INFO - 2024-06-04 09:19:41 --> CSRF token verified.
INFO - 2024-06-04 09:21:58 --> CSRF token verified.
INFO - 2024-06-04 09:22:05 --> CSRF token verified.
INFO - 2024-06-04 09:22:30 --> CSRF token verified.
INFO - 2024-06-04 09:22:39 --> CSRF token verified.
INFO - 2024-06-04 09:22:47 --> CSRF token verified.
INFO - 2024-06-04 09:22:49 --> CSRF token verified.
INFO - 2024-06-04 09:22:50 --> CSRF token verified.
INFO - 2024-06-04 09:22:51 --> CSRF token verified.
INFO - 2024-06-04 09:22:54 --> CSRF token verified.
INFO - 2024-06-04 09:22:54 --> CSRF token verified.
INFO - 2024-06-04 09:25:43 --> CSRF token verified.
INFO - 2024-06-04 09:29:15 --> CSRF token verified.
INFO - 2024-06-04 09:29:23 --> CSRF token verified.
INFO - 2024-06-04 09:29:29 --> CSRF token verified.
INFO - 2024-06-04 09:29:29 --> CSRF token verified.
INFO - 2024-06-04 09:29:33 --> CSRF token verified.
INFO - 2024-06-04 09:38:45 --> CSRF token verified.
INFO - 2024-06-04 09:38:49 --> CSRF token verified.
INFO - 2024-06-04 09:41:43 --> CSRF token verified.
INFO - 2024-06-04 09:41:46 --> CSRF token verified.
INFO - 2024-06-04 09:41:51 --> CSRF token verified.
INFO - 2024-06-04 09:43:52 --> CSRF token verified.
INFO - 2024-06-04 09:43:57 --> CSRF token verified.
INFO - 2024-06-04 09:43:59 --> CSRF token verified.
INFO - 2024-06-04 21:50:32 --> CSRF token verified.
INFO - 2024-06-04 21:50:34 --> CSRF token verified.
INFO - 2024-06-04 21:50:35 --> CSRF token verified.
INFO - 2024-06-04 21:52:54 --> CSRF token verified.
INFO - 2024-06-04 21:53:11 --> CSRF token verified.
INFO - 2024-06-04 21:54:03 --> CSRF token verified.
INFO - 2024-06-04 21:54:08 --> CSRF token verified.
INFO - 2024-06-04 21:54:08 --> CSRF token verified.
INFO - 2024-06-04 21:54:09 --> CSRF token verified.
INFO - 2024-06-04 21:54:09 --> CSRF token verified.
INFO - 2024-06-04 21:54:10 --> CSRF token verified.
INFO - 2024-06-04 21:54:14 --> CSRF token verified.
INFO - 2024-06-04 21:55:01 --> CSRF token verified.
CRITICAL - 2024-06-04 22:10:36 --> ParseError: Unclosed '{' on line 18
[Method: GET, Route: demo/importcsv]
in APPPATH\Views\demo\ImportCSV.php on line 83.
 1 SYSTEMPATH\View\View.php(237): CodeIgniter\View\View->CodeIgniter\View\{closure}()
 2 SYSTEMPATH\Common.php(1171): CodeIgniter\View\View->render('demo/ImportCSV', [], true)
 3 APPPATH\Controllers\Demo.php(1541): view('demo/ImportCSV')
 4 SYSTEMPATH\CodeIgniter.php(933): App\Controllers\Demo->ImportCSV()
 5 SYSTEMPATH\CodeIgniter.php(509): CodeIgniter\CodeIgniter->runController(Object(App\Controllers\Demo))
 6 SYSTEMPATH\CodeIgniter.php(355): CodeIgniter\CodeIgniter->handleRequest(null, Object(Config\Cache), false)
 7 SYSTEMPATH\Boot.php(312): CodeIgniter\CodeIgniter->run()
 8 SYSTEMPATH\Boot.php(67): CodeIgniter\Boot::runCodeIgniter(Object(CodeIgniter\CodeIgniter))
 9 FCPATH\index.php(56): CodeIgniter\Boot::bootWeb(Object(Config\Paths))
CRITICAL - 2024-06-04 22:39:32 --> ParseError: Unmatched '}'
[Method: GET, Route: demo/importcsv]
in APPPATH\Controllers\Demo.php on line 1612.
 1 SYSTEMPATH\Router\Router.php(562): CodeIgniter\Router\AutoRouter->getRoute('demo/importcsv', 'GET')
 2 SYSTEMPATH\Router\Router.php(227): CodeIgniter\Router\Router->autoRoute('demo/importcsv')
 3 SYSTEMPATH\CodeIgniter.php(834): CodeIgniter\Router\Router->handle('demo/importcsv')
 4 SYSTEMPATH\CodeIgniter.php(457): CodeIgniter\CodeIgniter->tryToRouteIt(Object(CodeIgniter\Router\RouteCollection))
 5 SYSTEMPATH\CodeIgniter.php(355): CodeIgniter\CodeIgniter->handleRequest(null, Object(Config\Cache), false)
 6 SYSTEMPATH\Boot.php(312): CodeIgniter\CodeIgniter->run()
 7 SYSTEMPATH\Boot.php(67): CodeIgniter\Boot::runCodeIgniter(Object(CodeIgniter\CodeIgniter))
 8 FCPATH\index.php(56): CodeIgniter\Boot::bootWeb(Object(Config\Paths))
CRITICAL - 2024-06-04 23:19:17 --> ParseError: Unmatched '}'
[Method: GET, Route: /]
in APPPATH\Controllers\Demo.php on line 1612.
 1 FCPATH\vendor\composer\ClassLoader.php(427): Composer\Autoload\{closure}('C:\\xampp\\htdocs\\ShippingCalculator\\vendor\\composer/../../app\\Controllers\\demo.php')
 2 [internal function]: Composer\Autoload\ClassLoader->loadClass('App\\Controllers\\demo')
 3 SYSTEMPATH\CodeIgniter.php(887): class_exists('\\App\\Controllers\\demo', true)
 4 SYSTEMPATH\CodeIgniter.php(496): CodeIgniter\CodeIgniter->startController()
 5 SYSTEMPATH\CodeIgniter.php(355): CodeIgniter\CodeIgniter->handleRequest(null, Object(Config\Cache), false)
 6 SYSTEMPATH\Boot.php(312): CodeIgniter\CodeIgniter->run()
 7 SYSTEMPATH\Boot.php(67): CodeIgniter\Boot::runCodeIgniter(Object(CodeIgniter\CodeIgniter))
 8 FCPATH\index.php(56): CodeIgniter\Boot::bootWeb(Object(Config\Paths))
CRITICAL - 2024-06-04 23:19:18 --> ParseError: Unmatched '}'
[Method: GET, Route: /]
in APPPATH\Controllers\Demo.php on line 1612.
 1 FCPATH\vendor\composer\ClassLoader.php(427): Composer\Autoload\{closure}('C:\\xampp\\htdocs\\ShippingCalculator\\vendor\\composer/../../app\\Controllers\\demo.php')
 2 [internal function]: Composer\Autoload\ClassLoader->loadClass('App\\Controllers\\demo')
 3 SYSTEMPATH\CodeIgniter.php(887): class_exists('\\App\\Controllers\\demo', true)
 4 SYSTEMPATH\CodeIgniter.php(496): CodeIgniter\CodeIgniter->startController()
 5 SYSTEMPATH\CodeIgniter.php(355): CodeIgniter\CodeIgniter->handleRequest(null, Object(Config\Cache), false)
 6 SYSTEMPATH\Boot.php(312): CodeIgniter\CodeIgniter->run()
 7 SYSTEMPATH\Boot.php(67): CodeIgniter\Boot::runCodeIgniter(Object(CodeIgniter\CodeIgniter))
 8 FCPATH\index.php(56): CodeIgniter\Boot::bootWeb(Object(Config\Paths))
CRITICAL - 2024-06-04 23:30:55 --> CodeIgniter\View\Exceptions\ViewException: Invalid file: "demo/ImportCSV.php"
[Method: GET, Route: demo/ImportExcelData]
in SYSTEMPATH\Exceptions\FrameworkException.php on line 41.
 1 SYSTEMPATH\View\View.php(222): CodeIgniter\Exceptions\FrameworkException::forInvalidFile('demo/ImportCSV.php')
 2 SYSTEMPATH\Common.php(1171): CodeIgniter\View\View->render('demo/ImportCSV', [], true)
 3 APPPATH\Controllers\Demo.php(1493): view('demo/ImportCSV')
 4 SYSTEMPATH\CodeIgniter.php(933): App\Controllers\Demo->ImportExcelData()
 5 SYSTEMPATH\CodeIgniter.php(509): CodeIgniter\CodeIgniter->runController(Object(App\Controllers\Demo))
 6 SYSTEMPATH\CodeIgniter.php(355): CodeIgniter\CodeIgniter->handleRequest(null, Object(Config\Cache), false)
 7 SYSTEMPATH\Boot.php(312): CodeIgniter\CodeIgniter->run()
 8 SYSTEMPATH\Boot.php(67): CodeIgniter\Boot::runCodeIgniter(Object(CodeIgniter\CodeIgniter))
 9 FCPATH\index.php(56): CodeIgniter\Boot::bootWeb(Object(Config\Paths))
